23-08-2018 14:38:07.332 [main] INFO  com.cg.MyApplication.logStarting - Starting MyApplication on DIN34002994 with PID 9192 (D:\Users\sogour\Downloads\test-master\myItinerary\target\classes started by sogour in D:\Users\sogour\Downloads\test-master\myItinerary)
23-08-2018 14:38:07.335 [main] INFO  com.cg.MyApplication.logStartupProfileInfo - No active profile set, falling back to default profiles: default
23-08-2018 14:38:07.379 [main] INFO  o.s.b.w.s.c.AnnotationConfigServletWebServerApplicationContext.prepareRefresh - Refreshing org.springframework.boot.web.servlet.context.AnnotationConfigServletWebServerApplicationContext@4313f5bc: startup date [Thu Aug 23 14:38:07 IST 2018]; root of context hierarchy
23-08-2018 14:38:08.509 [main] INFO  o.s.b.w.e.tomcat.TomcatWebServer.initialize - Tomcat initialized with port(s): 8080 (http)
23-08-2018 14:38:08.528 [main] INFO  o.a.catalina.core.StandardService.log - Starting service [Tomcat]
23-08-2018 14:38:08.529 [main] INFO  o.a.catalina.core.StandardEngine.log - Starting Servlet Engine: Apache Tomcat/8.5.31
23-08-2018 14:38:08.533 [localhost-startStop-1] INFO  o.a.c.core.AprLifecycleListener.log - The APR based Apache Tomcat Native library which allows optimal performance in production environments was not found on the java.library.path: [C:\Program Files\Java\jdk1.8.0_172\bin;C:\WINDOWS\Sun\Java\bin;C:\WINDOWS\system32;C:\WINDOWS;C:/Program Files/Java/jdk1.8.0_172/bin/../jre/bin/server;C:/Program Files/Java/jdk1.8.0_172/bin/../jre/bin;C:/Program Files/Java/jdk1.8.0_172/bin/../jre/lib/amd64;C:\Users\sogour\AppData\Roaming\npm;C:\Program Files\Java\jdk1.8.0_172\bin;C:\Program Files\nodejs;C:\WINDOWS\system32;D:\softwares\spring-tool-suite-3.9.4.RELEASE-e4.7.3a-win32-x86_64\sts-bundle\sts-3.9.4.RELEASE;;.]
23-08-2018 14:38:08.615 [localhost-startStop-1] INFO  o.a.c.c.C.[Tomcat].[localhost].[/].log - Initializing Spring embedded WebApplicationContext
23-08-2018 14:38:08.615 [localhost-startStop-1] INFO  o.s.web.context.ContextLoader.prepareWebApplicationContext - Root WebApplicationContext: initialization completed in 1237 ms
23-08-2018 14:38:08.725 [localhost-startStop-1] INFO  o.s.b.w.s.ServletRegistrationBean.addRegistration - Servlet dispatcherServlet mapped to [/]
23-08-2018 14:38:08.729 [localhost-startStop-1] INFO  o.s.b.w.s.FilterRegistrationBean.configure - Mapping filter: 'characterEncodingFilter' to: [/*]
23-08-2018 14:38:08.729 [localhost-startStop-1] INFO  o.s.b.w.s.FilterRegistrationBean.configure - Mapping filter: 'hiddenHttpMethodFilter' to: [/*]
23-08-2018 14:38:08.729 [localhost-startStop-1] INFO  o.s.b.w.s.FilterRegistrationBean.configure - Mapping filter: 'httpPutFormContentFilter' to: [/*]
23-08-2018 14:38:08.730 [localhost-startStop-1] INFO  o.s.b.w.s.FilterRegistrationBean.configure - Mapping filter: 'requestContextFilter' to: [/*]
23-08-2018 14:38:08.947 [main] INFO  o.s.w.s.h.SimpleUrlHandlerMapping.registerHandler - Mapped URL path [/**/favicon.ico] onto handler of type [class org.springframework.web.servlet.resource.ResourceHttpRequestHandler]
23-08-2018 14:38:09.089 [main] INFO  o.s.w.s.m.m.a.RequestMappingHandlerAdapter.initControllerAdviceCache - Looking for @ControllerAdvice: org.springframework.boot.web.servlet.context.AnnotationConfigServletWebServerApplicationContext@4313f5bc: startup date [Thu Aug 23 14:38:07 IST 2018]; root of context hierarchy
23-08-2018 14:38:09.131 [main] INFO  o.s.w.s.m.m.a.RequestMappingHandlerMapping.register - Mapped "{[/booking/update/dining/{diningBookingId}],methods=[PUT]}" onto public org.springframework.http.ResponseEntity<java.lang.Object> com.cg.restcontroller.BookingController.updateBookedDining(com.cg.entities.Dining,long)
23-08-2018 14:38:09.133 [main] INFO  o.s.w.s.m.m.a.RequestMappingHandlerMapping.register - Mapped "{[/booking/cancel/dining/{diningBookingId}],methods=[PUT]}" onto public org.springframework.http.ResponseEntity<java.lang.Object> com.cg.restcontroller.BookingController.cancelBookedDining(long)
23-08-2018 14:38:09.133 [main] INFO  o.s.w.s.m.m.a.RequestMappingHandlerMapping.register - Mapped "{[/booking/resort/{guestID}],methods=[POST]}" onto public org.springframework.http.ResponseEntity<java.lang.Object> com.cg.restcontroller.BookingController.bookResort(com.cg.entities.Resort,long)
23-08-2018 14:38:09.134 [main] INFO  o.s.w.s.m.m.a.RequestMappingHandlerMapping.register - Mapped "{[/booking/update/resort/{resortBookingId}],methods=[PUT]}" onto public org.springframework.http.ResponseEntity<java.lang.Object> com.cg.restcontroller.BookingController.updateBookResort(com.cg.entities.Resort,long)
23-08-2018 14:38:09.134 [main] INFO  o.s.w.s.m.m.a.RequestMappingHandlerMapping.register - Mapped "{[/booking/cancel/resort/{resortBookingId}],methods=[PUT]}" onto public org.springframework.http.ResponseEntity<java.lang.Object> com.cg.restcontroller.BookingController.cancelBookResort(long)
23-08-2018 14:38:09.135 [main] INFO  o.s.w.s.m.m.a.RequestMappingHandlerMapping.register - Mapped "{[/booking/dining/{guestID}],methods=[POST]}" onto public org.springframework.http.ResponseEntity<java.lang.Object> com.cg.restcontroller.BookingController.bookDining(com.cg.entities.Dining,long)
23-08-2018 14:38:09.135 [main] INFO  o.s.w.s.m.m.a.RequestMappingHandlerMapping.register - Mapped "{[/booking/resort/get/{rReservationNumber}],methods=[GET]}" onto public org.springframework.http.ResponseEntity<java.lang.Object> com.cg.restcontroller.BookingController.getResort(long)
23-08-2018 14:38:09.136 [main] INFO  o.s.w.s.m.m.a.RequestMappingHandlerMapping.register - Mapped "{[/booking/dining/get/{dReservationNumber}],methods=[GET]}" onto public org.springframework.http.ResponseEntity<java.lang.Object> com.cg.restcontroller.BookingController.getDining(long)
23-08-2018 14:38:09.137 [main] INFO  o.s.w.s.m.m.a.RequestMappingHandlerMapping.register - Mapped "{[/guest/register],methods=[POST]}" onto public org.springframework.http.ResponseEntity<java.lang.Object> com.cg.restcontroller.GuestController.registerGuest(com.cg.entities.Guest)
23-08-2018 14:38:09.138 [main] INFO  o.s.w.s.m.m.a.RequestMappingHandlerMapping.register - Mapped "{[/guest/update/{guestID}],methods=[PUT]}" onto public org.springframework.http.ResponseEntity<java.lang.Object> com.cg.restcontroller.GuestController.updateGuest(com.cg.entities.Guest,long)
23-08-2018 14:38:09.138 [main] INFO  o.s.w.s.m.m.a.RequestMappingHandlerMapping.register - Mapped "{[/guest/login],methods=[POST]}" onto public org.springframework.http.ResponseEntity<java.lang.Object> com.cg.restcontroller.GuestController.loginGuest(com.cg.entities.Guest)
23-08-2018 14:38:09.139 [main] INFO  o.s.w.s.m.m.a.RequestMappingHandlerMapping.register - Mapped "{[/guest/view/{guestID}],methods=[GET]}" onto public java.util.List<java.lang.Object> com.cg.restcontroller.GuestController.viewItenarary(long)
23-08-2018 14:38:09.141 [main] INFO  o.s.w.s.m.m.a.RequestMappingHandlerMapping.register - Mapped "{[/error]}" onto public org.springframework.http.ResponseEntity<java.util.Map<java.lang.String, java.lang.Object>> org.springframework.boot.autoconfigure.web.servlet.error.BasicErrorController.error(javax.servlet.http.HttpServletRequest)
23-08-2018 14:38:09.141 [main] INFO  o.s.w.s.m.m.a.RequestMappingHandlerMapping.register - Mapped "{[/error],produces=[text/html]}" onto public org.springframework.web.servlet.ModelAndView org.springframework.boot.autoconfigure.web.servlet.error.BasicErrorController.errorHtml(javax.servlet.http.HttpServletRequest,javax.servlet.http.HttpServletResponse)
23-08-2018 14:38:09.158 [main] INFO  o.s.w.s.h.SimpleUrlHandlerMapping.registerHandler - Mapped URL path [/webjars/**] onto handler of type [class org.springframework.web.servlet.resource.ResourceHttpRequestHandler]
23-08-2018 14:38:09.159 [main] INFO  o.s.w.s.h.SimpleUrlHandlerMapping.registerHandler - Mapped URL path [/**] onto handler of type [class org.springframework.web.servlet.resource.ResourceHttpRequestHandler]
23-08-2018 14:38:09.308 [main] INFO  o.s.j.e.a.AnnotationMBeanExporter.afterSingletonsInstantiated - Registering beans for JMX exposure on startup
23-08-2018 14:38:09.310 [main] INFO  o.s.j.e.a.AnnotationMBeanExporter.autodetect - Bean with name 'dataSource' has been autodetected for JMX exposure
23-08-2018 14:38:09.314 [main] INFO  o.s.j.e.a.AnnotationMBeanExporter.registerBeanInstance - Located MBean 'dataSource': registering with JMX server as MBean [com.zaxxer.hikari:name=dataSource,type=HikariDataSource]
23-08-2018 14:38:09.453 [main] INFO  o.s.b.w.e.tomcat.TomcatWebServer.start - Tomcat started on port(s): 8080 (http) with context path ''
23-08-2018 14:38:09.456 [main] INFO  com.cg.MyApplication.logStarted - Started MyApplication in 2.439 seconds (JVM running for 3.552)
23-08-2018 14:38:09.459 [main] INFO  MyApplication.class.main - My Itinerary Application Started.
23-08-2018 14:40:35.749 [http-nio-8080-exec-1] INFO  o.a.c.c.C.[Tomcat].[localhost].[/].log - Initializing Spring FrameworkServlet 'dispatcherServlet'
23-08-2018 14:40:35.750 [http-nio-8080-exec-1] INFO  o.s.web.servlet.DispatcherServlet.initServletBean - FrameworkServlet 'dispatcherServlet': initialization started
23-08-2018 14:40:35.770 [http-nio-8080-exec-1] INFO  o.s.web.servlet.DispatcherServlet.initServletBean - FrameworkServlet 'dispatcherServlet': initialization completed in 20 ms
23-08-2018 14:40:35.991 [http-nio-8080-exec-1] INFO  c.cg.restcontroller.GuestController.registerGuest - GuestController:Executing Creating Guest Method.
23-08-2018 14:40:35.997 [http-nio-8080-exec-1] INFO  com.zaxxer.hikari.HikariDataSource.getConnection - HikariPool-1 - Starting...
23-08-2018 14:40:38.296 [http-nio-8080-exec-1] INFO  com.zaxxer.hikari.HikariDataSource.getConnection - HikariPool-1 - Start completed.
23-08-2018 14:40:38.304 [http-nio-8080-exec-1] INFO  com.cg.service.GuestServiceImpl.registerGuest - GuestServiceImpl: Executing registerGuest method.
23-08-2018 14:40:38.306 [http-nio-8080-exec-1] INFO  com.cg.dao.GuestDAOImpl.registerGuest - GuestDAOImpl:	Executing Guest Registering .
23-08-2018 14:40:39.103 [http-nio-8080-exec-1] INFO  o.s.b.f.xml.XmlBeanDefinitionReader.loadBeanDefinitions - Loading XML bean definitions from class path resource [org/springframework/jdbc/support/sql-error-codes.xml]
23-08-2018 14:40:39.413 [http-nio-8080-exec-1] INFO  o.s.j.support.SQLErrorCodesFactory.<init> - SQLErrorCodes loaded: [DB2, Derby, H2, HDB, HSQL, Informix, MS-SQL, MySQL, Oracle, PostgreSQL, Sybase]
23-08-2018 14:40:39.415 [http-nio-8080-exec-1] WARN  com.cg.dao.GuestDAOImpl.registerGuest - GuestDAOImpl:Registration Failed. Duplicate email.
23-08-2018 14:40:39.495 [http-nio-8080-exec-1] WARN  c.cg.restcontroller.GuestController.registerGuest - GuestController:Guest with same email is already registered.
23-08-2018 14:41:17.679 [http-nio-8080-exec-2] INFO  c.cg.restcontroller.GuestController.registerGuest - GuestController:Executing Creating Guest Method.
23-08-2018 14:41:17.748 [http-nio-8080-exec-2] INFO  com.cg.service.GuestServiceImpl.registerGuest - GuestServiceImpl: Executing registerGuest method.
23-08-2018 14:41:17.748 [http-nio-8080-exec-2] INFO  com.cg.dao.GuestDAOImpl.registerGuest - GuestDAOImpl:	Executing Guest Registering .
23-08-2018 14:41:18.406 [http-nio-8080-exec-2] INFO  com.cg.dao.GuestDAOImpl.registerGuest - GuestDAOImpl:	New Guest is registered.
23-08-2018 14:41:19.233 [http-nio-8080-exec-2] INFO  c.cg.restcontroller.GuestController.registerGuest - GuestController:New Guest is registered and Guest Entity is returned as response.
23-08-2018 14:42:39.632 [http-nio-8080-exec-4] INFO  c.cg.restcontroller.GuestController.loginGuest - GuestController:Executing Logging Guest.
23-08-2018 14:42:39.633 [http-nio-8080-exec-4] INFO  com.cg.service.GuestServiceImpl.validateGuest - GuestServiceImpl: Executing validateGuest method.
23-08-2018 14:42:39.634 [http-nio-8080-exec-4] INFO  com.cg.dao.GuestDAOImpl.validateGuest - GuestDAOImpl:	validating guest with provided email and password
23-08-2018 14:42:39.689 [http-nio-8080-exec-4] WARN  com.cg.dao.GuestDAOImpl.validateGuest - GuestDAOImpl:Validation Failed.Guest not found with given email and password.
23-08-2018 14:42:39.693 [http-nio-8080-exec-4] WARN  c.cg.restcontroller.GuestController.loginGuest - Invalid Guest.
23-08-2018 14:42:47.617 [http-nio-8080-exec-5] INFO  c.cg.restcontroller.GuestController.loginGuest - GuestController:Executing Logging Guest.
23-08-2018 14:42:47.618 [http-nio-8080-exec-5] INFO  com.cg.service.GuestServiceImpl.validateGuest - GuestServiceImpl: Executing validateGuest method.
23-08-2018 14:42:47.619 [http-nio-8080-exec-5] INFO  com.cg.dao.GuestDAOImpl.validateGuest - GuestDAOImpl:	validating guest with provided email and password
23-08-2018 14:42:47.620 [http-nio-8080-exec-5] WARN  com.cg.dao.GuestDAOImpl.validateGuest - GuestDAOImpl:Validation Failed.Guest not found with given email and password.
23-08-2018 14:42:47.621 [http-nio-8080-exec-5] WARN  c.cg.restcontroller.GuestController.loginGuest - Invalid Guest.
23-08-2018 14:42:58.835 [http-nio-8080-exec-6] INFO  c.cg.restcontroller.GuestController.loginGuest - GuestController:Executing Logging Guest.
23-08-2018 14:42:58.839 [http-nio-8080-exec-6] INFO  com.cg.service.GuestServiceImpl.validateGuest - GuestServiceImpl: Executing validateGuest method.
23-08-2018 14:42:58.839 [http-nio-8080-exec-6] INFO  com.cg.dao.GuestDAOImpl.validateGuest - GuestDAOImpl:	validating guest with provided email and password
23-08-2018 14:42:58.861 [http-nio-8080-exec-6] INFO  com.cg.dao.GuestDAOImpl.validateGuest - GuestDAOImpl: Guest with provided email and password is found
23-08-2018 14:42:58.864 [http-nio-8080-exec-6] INFO  c.cg.restcontroller.GuestController.loginGuest - Guest is validated and Guest Entity is returned as response.
23-08-2018 14:44:20.671 [http-nio-8080-exec-8] INFO  c.cg.restcontroller.GuestController.updateGuest - GuestController:Executing updateGuest Method.
23-08-2018 14:44:20.672 [http-nio-8080-exec-8] INFO  com.cg.service.GuestServiceImpl.updateGuest - GuestServiceImpl: Executing updateGuest method.
23-08-2018 14:44:20.673 [http-nio-8080-exec-8] INFO  com.cg.dao.GuestDAOImpl.updateGuest - GuestDAOImpl:	Executing Guest Update method .
23-08-2018 14:44:21.196 [http-nio-8080-exec-8] INFO  com.cg.dao.GuestDAOImpl.updateGuest - GuestDAOImpl: Guest is updated.
23-08-2018 14:44:21.841 [http-nio-8080-exec-8] INFO  c.cg.restcontroller.GuestController.updateGuest - GuestController:Guest is updated and Guest Entity is returned as response.
23-08-2018 15:21:07.441 [RMI TCP Connection(6)-127.0.0.1] INFO  o.s.b.a.SpringApplicationAdminMXBeanRegistrar$SpringApplicationAdmin.shutdown - Application shutdown requested.
23-08-2018 15:21:07.441 [RMI TCP Connection(5)-127.0.0.1] INFO  o.s.b.a.SpringApplicationAdminMXBeanRegistrar$SpringApplicationAdmin.shutdown - Application shutdown requested.
23-08-2018 15:21:07.441 [RMI TCP Connection(3)-127.0.0.1] INFO  o.s.b.a.SpringApplicationAdminMXBeanRegistrar$SpringApplicationAdmin.shutdown - Application shutdown requested.
23-08-2018 15:21:07.442 [RMI TCP Connection(6)-127.0.0.1] INFO  o.s.b.w.s.c.AnnotationConfigServletWebServerApplicationContext.doClose - Closing org.springframework.boot.web.servlet.context.AnnotationConfigServletWebServerApplicationContext@4313f5bc: startup date [Thu Aug 23 14:38:07 IST 2018]; root of context hierarchy
23-08-2018 15:21:07.445 [RMI TCP Connection(6)-127.0.0.1] INFO  o.s.j.e.a.AnnotationMBeanExporter.destroy - Unregistering JMX-exposed beans on shutdown
23-08-2018 15:21:07.446 [RMI TCP Connection(6)-127.0.0.1] INFO  o.s.j.e.a.AnnotationMBeanExporter.unregisterBeans - Unregistering JMX-exposed beans
23-08-2018 15:21:07.448 [RMI TCP Connection(6)-127.0.0.1] INFO  com.zaxxer.hikari.HikariDataSource.close - HikariPool-1 - Shutdown initiated...
23-08-2018 15:21:07.460 [RMI TCP Connection(6)-127.0.0.1] INFO  com.zaxxer.hikari.HikariDataSource.close - HikariPool-1 - Shutdown completed.
23-08-2018 19:24:29.667 [main] INFO  c.c.b.BookingServiceTest.logStarting - Starting BookingServiceTest on DIN34002994 with PID 11128 (started by sogour in D:\Users\sogour\Downloads\test-master\myItinerary)
23-08-2018 19:24:29.670 [main] INFO  c.c.b.BookingServiceTest.logStartupProfileInfo - No active profile set, falling back to default profiles: default
23-08-2018 19:24:29.717 [main] INFO  o.s.w.c.s.GenericWebApplicationContext.prepareRefresh - Refreshing org.springframework.web.context.support.GenericWebApplicationContext@3ca3eba2: startup date [Thu Aug 23 19:24:29 IST 2018]; root of context hierarchy
23-08-2018 19:24:32.707 [main] INFO  o.s.w.s.h.SimpleUrlHandlerMapping.registerHandler - Mapped URL path [/**/favicon.ico] onto handler of type [class org.springframework.web.servlet.resource.ResourceHttpRequestHandler]
23-08-2018 19:24:32.923 [main] INFO  o.s.w.s.m.m.a.RequestMappingHandlerAdapter.initControllerAdviceCache - Looking for @ControllerAdvice: org.springframework.web.context.support.GenericWebApplicationContext@3ca3eba2: startup date [Thu Aug 23 19:24:29 IST 2018]; root of context hierarchy
23-08-2018 19:24:33.018 [main] INFO  o.s.w.s.m.m.a.RequestMappingHandlerMapping.register - Mapped "{[/booking/resort/{guestID}],methods=[POST]}" onto public org.springframework.http.ResponseEntity<java.lang.Object> com.cg.restcontroller.BookingController.bookResort(com.cg.entities.Resort,long)
23-08-2018 19:24:33.019 [main] INFO  o.s.w.s.m.m.a.RequestMappingHandlerMapping.register - Mapped "{[/booking/update/resort/{resortBookingId}],methods=[PUT]}" onto public org.springframework.http.ResponseEntity<java.lang.Object> com.cg.restcontroller.BookingController.updateBookResort(com.cg.entities.Resort,long)
23-08-2018 19:24:33.020 [main] INFO  o.s.w.s.m.m.a.RequestMappingHandlerMapping.register - Mapped "{[/booking/cancel/resort/{resortBookingId}],methods=[PUT]}" onto public org.springframework.http.ResponseEntity<java.lang.Object> com.cg.restcontroller.BookingController.cancelBookResort(long)
23-08-2018 19:24:33.021 [main] INFO  o.s.w.s.m.m.a.RequestMappingHandlerMapping.register - Mapped "{[/booking/dining/{guestID}],methods=[POST]}" onto public org.springframework.http.ResponseEntity<java.lang.Object> com.cg.restcontroller.BookingController.bookDining(com.cg.entities.Dining,long)
23-08-2018 19:24:33.022 [main] INFO  o.s.w.s.m.m.a.RequestMappingHandlerMapping.register - Mapped "{[/booking/update/dining/{diningBookingId}],methods=[PUT]}" onto public org.springframework.http.ResponseEntity<java.lang.Object> com.cg.restcontroller.BookingController.updateBookedDining(com.cg.entities.Dining,long)
23-08-2018 19:24:33.022 [main] INFO  o.s.w.s.m.m.a.RequestMappingHandlerMapping.register - Mapped "{[/booking/cancel/dining/{diningBookingId}],methods=[PUT]}" onto public org.springframework.http.ResponseEntity<java.lang.Object> com.cg.restcontroller.BookingController.cancelBookedDining(long)
23-08-2018 19:24:33.023 [main] INFO  o.s.w.s.m.m.a.RequestMappingHandlerMapping.register - Mapped "{[/booking/resort/get/{rReservationNumber}],methods=[GET]}" onto public org.springframework.http.ResponseEntity<java.lang.Object> com.cg.restcontroller.BookingController.getResort(long)
23-08-2018 19:24:33.024 [main] INFO  o.s.w.s.m.m.a.RequestMappingHandlerMapping.register - Mapped "{[/booking/dining/get/{dReservationNumber}],methods=[GET]}" onto public org.springframework.http.ResponseEntity<java.lang.Object> com.cg.restcontroller.BookingController.getDining(long)
23-08-2018 19:24:33.026 [main] INFO  o.s.w.s.m.m.a.RequestMappingHandlerMapping.register - Mapped "{[/guest/register],methods=[POST]}" onto public org.springframework.http.ResponseEntity<java.lang.Object> com.cg.restcontroller.GuestController.registerGuest(com.cg.entities.Guest)
23-08-2018 19:24:33.027 [main] INFO  o.s.w.s.m.m.a.RequestMappingHandlerMapping.register - Mapped "{[/guest/update/{guestID}],methods=[PUT]}" onto public org.springframework.http.ResponseEntity<java.lang.Object> com.cg.restcontroller.GuestController.updateGuest(com.cg.entities.Guest,long)
23-08-2018 19:24:33.027 [main] INFO  o.s.w.s.m.m.a.RequestMappingHandlerMapping.register - Mapped "{[/guest/login],methods=[POST]}" onto public org.springframework.http.ResponseEntity<java.lang.Object> com.cg.restcontroller.GuestController.loginGuest(com.cg.entities.Guest)
23-08-2018 19:24:33.028 [main] INFO  o.s.w.s.m.m.a.RequestMappingHandlerMapping.register - Mapped "{[/guest/view/{guestID}],methods=[GET]}" onto public java.util.List<java.lang.Object> com.cg.restcontroller.GuestController.viewItenarary(long)
23-08-2018 19:24:33.030 [main] INFO  o.s.w.s.m.m.a.RequestMappingHandlerMapping.register - Mapped "{[/error]}" onto public org.springframework.http.ResponseEntity<java.util.Map<java.lang.String, java.lang.Object>> org.springframework.boot.autoconfigure.web.servlet.error.BasicErrorController.error(javax.servlet.http.HttpServletRequest)
23-08-2018 19:24:33.032 [main] INFO  o.s.w.s.m.m.a.RequestMappingHandlerMapping.register - Mapped "{[/error],produces=[text/html]}" onto public org.springframework.web.servlet.ModelAndView org.springframework.boot.autoconfigure.web.servlet.error.BasicErrorController.errorHtml(javax.servlet.http.HttpServletRequest,javax.servlet.http.HttpServletResponse)
23-08-2018 19:24:33.063 [main] INFO  o.s.w.s.h.SimpleUrlHandlerMapping.registerHandler - Mapped URL path [/webjars/**] onto handler of type [class org.springframework.web.servlet.resource.ResourceHttpRequestHandler]
23-08-2018 19:24:33.064 [main] INFO  o.s.w.s.h.SimpleUrlHandlerMapping.registerHandler - Mapped URL path [/**] onto handler of type [class org.springframework.web.servlet.resource.ResourceHttpRequestHandler]
23-08-2018 19:24:33.453 [main] INFO  c.c.b.BookingServiceTest.logStarted - Started BookingServiceTest in 4.247 seconds (JVM running for 7.122)
23-08-2018 19:24:34.882 [main] INFO  BookingServiceImpl.class.updateBookResort - BookingServiceImpl: Executing updateBookResort method.
23-08-2018 19:24:34.891 [Thread-4] INFO  o.s.w.c.s.GenericWebApplicationContext.doClose - Closing org.springframework.web.context.support.GenericWebApplicationContext@3ca3eba2: startup date [Thu Aug 23 19:24:29 IST 2018]; root of context hierarchy
23-08-2018 19:25:38.993 [main] INFO  c.c.b.BookingServiceTest.logStarting - Starting BookingServiceTest on DIN34002994 with PID 10180 (started by sogour in D:\Users\sogour\Downloads\test-master\myItinerary)
23-08-2018 19:25:39.015 [main] INFO  c.c.b.BookingServiceTest.logStartupProfileInfo - No active profile set, falling back to default profiles: default
23-08-2018 19:25:39.107 [main] INFO  o.s.w.c.s.GenericWebApplicationContext.prepareRefresh - Refreshing org.springframework.web.context.support.GenericWebApplicationContext@40cb95c1: startup date [Thu Aug 23 19:25:39 IST 2018]; root of context hierarchy
23-08-2018 19:25:41.148 [main] INFO  o.s.w.s.h.SimpleUrlHandlerMapping.registerHandler - Mapped URL path [/**/favicon.ico] onto handler of type [class org.springframework.web.servlet.resource.ResourceHttpRequestHandler]
23-08-2018 19:25:41.385 [main] INFO  o.s.w.s.m.m.a.RequestMappingHandlerAdapter.initControllerAdviceCache - Looking for @ControllerAdvice: org.springframework.web.context.support.GenericWebApplicationContext@40cb95c1: startup date [Thu Aug 23 19:25:39 IST 2018]; root of context hierarchy
23-08-2018 19:25:41.484 [main] INFO  o.s.w.s.m.m.a.RequestMappingHandlerMapping.register - Mapped "{[/booking/resort/{guestID}],methods=[POST]}" onto public org.springframework.http.ResponseEntity<java.lang.Object> com.cg.restcontroller.BookingController.bookResort(com.cg.entities.Resort,long)
23-08-2018 19:25:41.486 [main] INFO  o.s.w.s.m.m.a.RequestMappingHandlerMapping.register - Mapped "{[/booking/update/resort/{resortBookingId}],methods=[PUT]}" onto public org.springframework.http.ResponseEntity<java.lang.Object> com.cg.restcontroller.BookingController.updateBookResort(com.cg.entities.Resort,long)
23-08-2018 19:25:41.486 [main] INFO  o.s.w.s.m.m.a.RequestMappingHandlerMapping.register - Mapped "{[/booking/cancel/resort/{resortBookingId}],methods=[PUT]}" onto public org.springframework.http.ResponseEntity<java.lang.Object> com.cg.restcontroller.BookingController.cancelBookResort(long)
23-08-2018 19:25:41.487 [main] INFO  o.s.w.s.m.m.a.RequestMappingHandlerMapping.register - Mapped "{[/booking/dining/{guestID}],methods=[POST]}" onto public org.springframework.http.ResponseEntity<java.lang.Object> com.cg.restcontroller.BookingController.bookDining(com.cg.entities.Dining,long)
23-08-2018 19:25:41.488 [main] INFO  o.s.w.s.m.m.a.RequestMappingHandlerMapping.register - Mapped "{[/booking/update/dining/{diningBookingId}],methods=[PUT]}" onto public org.springframework.http.ResponseEntity<java.lang.Object> com.cg.restcontroller.BookingController.updateBookedDining(com.cg.entities.Dining,long)
23-08-2018 19:25:41.489 [main] INFO  o.s.w.s.m.m.a.RequestMappingHandlerMapping.register - Mapped "{[/booking/cancel/dining/{diningBookingId}],methods=[PUT]}" onto public org.springframework.http.ResponseEntity<java.lang.Object> com.cg.restcontroller.BookingController.cancelBookedDining(long)
23-08-2018 19:25:41.490 [main] INFO  o.s.w.s.m.m.a.RequestMappingHandlerMapping.register - Mapped "{[/booking/resort/get/{rReservationNumber}],methods=[GET]}" onto public org.springframework.http.ResponseEntity<java.lang.Object> com.cg.restcontroller.BookingController.getResort(long)
23-08-2018 19:25:41.490 [main] INFO  o.s.w.s.m.m.a.RequestMappingHandlerMapping.register - Mapped "{[/booking/dining/get/{dReservationNumber}],methods=[GET]}" onto public org.springframework.http.ResponseEntity<java.lang.Object> com.cg.restcontroller.BookingController.getDining(long)
23-08-2018 19:25:41.493 [main] INFO  o.s.w.s.m.m.a.RequestMappingHandlerMapping.register - Mapped "{[/guest/register],methods=[POST]}" onto public org.springframework.http.ResponseEntity<java.lang.Object> com.cg.restcontroller.GuestController.registerGuest(com.cg.entities.Guest)
23-08-2018 19:25:41.494 [main] INFO  o.s.w.s.m.m.a.RequestMappingHandlerMapping.register - Mapped "{[/guest/update/{guestID}],methods=[PUT]}" onto public org.springframework.http.ResponseEntity<java.lang.Object> com.cg.restcontroller.GuestController.updateGuest(com.cg.entities.Guest,long)
23-08-2018 19:25:41.495 [main] INFO  o.s.w.s.m.m.a.RequestMappingHandlerMapping.register - Mapped "{[/guest/login],methods=[POST]}" onto public org.springframework.http.ResponseEntity<java.lang.Object> com.cg.restcontroller.GuestController.loginGuest(com.cg.entities.Guest)
23-08-2018 19:25:41.496 [main] INFO  o.s.w.s.m.m.a.RequestMappingHandlerMapping.register - Mapped "{[/guest/view/{guestID}],methods=[GET]}" onto public java.util.List<java.lang.Object> com.cg.restcontroller.GuestController.viewItenarary(long)
23-08-2018 19:25:41.499 [main] INFO  o.s.w.s.m.m.a.RequestMappingHandlerMapping.register - Mapped "{[/error]}" onto public org.springframework.http.ResponseEntity<java.util.Map<java.lang.String, java.lang.Object>> org.springframework.boot.autoconfigure.web.servlet.error.BasicErrorController.error(javax.servlet.http.HttpServletRequest)
23-08-2018 19:25:41.500 [main] INFO  o.s.w.s.m.m.a.RequestMappingHandlerMapping.register - Mapped "{[/error],produces=[text/html]}" onto public org.springframework.web.servlet.ModelAndView org.springframework.boot.autoconfigure.web.servlet.error.BasicErrorController.errorHtml(javax.servlet.http.HttpServletRequest,javax.servlet.http.HttpServletResponse)
23-08-2018 19:25:41.526 [main] INFO  o.s.w.s.h.SimpleUrlHandlerMapping.registerHandler - Mapped URL path [/webjars/**] onto handler of type [class org.springframework.web.servlet.resource.ResourceHttpRequestHandler]
23-08-2018 19:25:41.527 [main] INFO  o.s.w.s.h.SimpleUrlHandlerMapping.registerHandler - Mapped URL path [/**] onto handler of type [class org.springframework.web.servlet.resource.ResourceHttpRequestHandler]
23-08-2018 19:25:41.869 [main] INFO  c.c.b.BookingServiceTest.logStarted - Started BookingServiceTest in 3.513 seconds (JVM running for 5.554)
23-08-2018 19:25:42.555 [main] INFO  BookingServiceImpl.class.getAllDiningDetails - BookingServiceImpl: Executing getAllDiningDetails method.
23-08-2018 19:25:42.573 [main] INFO  BookingServiceImpl.class.updateBookedDining - BookingServiceImpl: Executing updateBookedDining method.
23-08-2018 19:25:42.579 [main] INFO  BookingServiceImpl.class.updateBookResort - BookingServiceImpl: Executing updateBookResort method.
23-08-2018 19:25:42.586 [main] INFO  BookingServiceImpl.class.getAllResortDetails - BookingServiceImpl: Executing getAllResortDetails method.
23-08-2018 19:25:42.600 [main] INFO  BookingServiceImpl.class.cancelBookedDining - BookingServiceImpl: Executing cancelBookResort method.
23-08-2018 19:25:42.605 [main] INFO  BookingServiceImpl.class.cancelBookResort - BookingServiceImpl: Executing cancelBookResort method.
23-08-2018 19:25:42.617 [main] INFO  BookingServiceImpl.class.bookDining - BookingServiceImpl: Executing bookDining method.
23-08-2018 19:25:42.622 [main] INFO  BookingServiceImpl.class.bookResort - BookingServiceImpl: Executing bookResort method.
23-08-2018 19:25:42.695 [Thread-4] INFO  o.s.w.c.s.GenericWebApplicationContext.doClose - Closing org.springframework.web.context.support.GenericWebApplicationContext@40cb95c1: startup date [Thu Aug 23 19:25:39 IST 2018]; root of context hierarchy
23-08-2018 19:28:36.542 [main] INFO  c.c.b.GuestServiceTest.logStarting - Starting GuestServiceTest on DIN34002994 with PID 10888 (started by sogour in D:\Users\sogour\Downloads\test-master\myItinerary)
23-08-2018 19:28:36.545 [main] INFO  c.c.b.GuestServiceTest.logStartupProfileInfo - No active profile set, falling back to default profiles: default
23-08-2018 19:28:36.740 [main] INFO  o.s.w.c.s.GenericWebApplicationContext.prepareRefresh - Refreshing org.springframework.web.context.support.GenericWebApplicationContext@54e18a46: startup date [Thu Aug 23 19:28:36 IST 2018]; root of context hierarchy
23-08-2018 19:28:38.857 [main] INFO  o.s.w.s.h.SimpleUrlHandlerMapping.registerHandler - Mapped URL path [/**/favicon.ico] onto handler of type [class org.springframework.web.servlet.resource.ResourceHttpRequestHandler]
23-08-2018 19:28:39.093 [main] INFO  o.s.w.s.m.m.a.RequestMappingHandlerAdapter.initControllerAdviceCache - Looking for @ControllerAdvice: org.springframework.web.context.support.GenericWebApplicationContext@54e18a46: startup date [Thu Aug 23 19:28:36 IST 2018]; root of context hierarchy
23-08-2018 19:28:39.199 [main] INFO  o.s.w.s.m.m.a.RequestMappingHandlerMapping.register - Mapped "{[/booking/resort/get/{rReservationNumber}],methods=[GET]}" onto public org.springframework.http.ResponseEntity<java.lang.Object> com.cg.restcontroller.BookingController.getResort(long)
23-08-2018 19:28:39.201 [main] INFO  o.s.w.s.m.m.a.RequestMappingHandlerMapping.register - Mapped "{[/booking/update/dining/{diningBookingId}],methods=[PUT]}" onto public org.springframework.http.ResponseEntity<java.lang.Object> com.cg.restcontroller.BookingController.updateBookedDining(com.cg.entities.Dining,long)
23-08-2018 19:28:39.202 [main] INFO  o.s.w.s.m.m.a.RequestMappingHandlerMapping.register - Mapped "{[/booking/cancel/dining/{diningBookingId}],methods=[PUT]}" onto public org.springframework.http.ResponseEntity<java.lang.Object> com.cg.restcontroller.BookingController.cancelBookedDining(long)
23-08-2018 19:28:39.203 [main] INFO  o.s.w.s.m.m.a.RequestMappingHandlerMapping.register - Mapped "{[/booking/dining/get/{dReservationNumber}],methods=[GET]}" onto public org.springframework.http.ResponseEntity<java.lang.Object> com.cg.restcontroller.BookingController.getDining(long)
23-08-2018 19:28:39.204 [main] INFO  o.s.w.s.m.m.a.RequestMappingHandlerMapping.register - Mapped "{[/booking/resort/{guestID}],methods=[POST]}" onto public org.springframework.http.ResponseEntity<java.lang.Object> com.cg.restcontroller.BookingController.bookResort(com.cg.entities.Resort,long)
23-08-2018 19:28:39.205 [main] INFO  o.s.w.s.m.m.a.RequestMappingHandlerMapping.register - Mapped "{[/booking/update/resort/{resortBookingId}],methods=[PUT]}" onto public org.springframework.http.ResponseEntity<java.lang.Object> com.cg.restcontroller.BookingController.updateBookResort(com.cg.entities.Resort,long)
23-08-2018 19:28:39.206 [main] INFO  o.s.w.s.m.m.a.RequestMappingHandlerMapping.register - Mapped "{[/booking/cancel/resort/{resortBookingId}],methods=[PUT]}" onto public org.springframework.http.ResponseEntity<java.lang.Object> com.cg.restcontroller.BookingController.cancelBookResort(long)
23-08-2018 19:28:39.207 [main] INFO  o.s.w.s.m.m.a.RequestMappingHandlerMapping.register - Mapped "{[/booking/dining/{guestID}],methods=[POST]}" onto public org.springframework.http.ResponseEntity<java.lang.Object> com.cg.restcontroller.BookingController.bookDining(com.cg.entities.Dining,long)
23-08-2018 19:28:39.210 [main] INFO  o.s.w.s.m.m.a.RequestMappingHandlerMapping.register - Mapped "{[/guest/register],methods=[POST]}" onto public org.springframework.http.ResponseEntity<java.lang.Object> com.cg.restcontroller.GuestController.registerGuest(com.cg.entities.Guest)
23-08-2018 19:28:39.210 [main] INFO  o.s.w.s.m.m.a.RequestMappingHandlerMapping.register - Mapped "{[/guest/update/{guestID}],methods=[PUT]}" onto public org.springframework.http.ResponseEntity<java.lang.Object> com.cg.restcontroller.GuestController.updateGuest(com.cg.entities.Guest,long)
23-08-2018 19:28:39.211 [main] INFO  o.s.w.s.m.m.a.RequestMappingHandlerMapping.register - Mapped "{[/guest/login],methods=[POST]}" onto public org.springframework.http.ResponseEntity<java.lang.Object> com.cg.restcontroller.GuestController.loginGuest(com.cg.entities.Guest)
23-08-2018 19:28:39.212 [main] INFO  o.s.w.s.m.m.a.RequestMappingHandlerMapping.register - Mapped "{[/guest/view/{guestID}],methods=[GET]}" onto public java.util.List<java.lang.Object> com.cg.restcontroller.GuestController.viewItenarary(long)
23-08-2018 19:28:39.214 [main] INFO  o.s.w.s.m.m.a.RequestMappingHandlerMapping.register - Mapped "{[/error]}" onto public org.springframework.http.ResponseEntity<java.util.Map<java.lang.String, java.lang.Object>> org.springframework.boot.autoconfigure.web.servlet.error.BasicErrorController.error(javax.servlet.http.HttpServletRequest)
23-08-2018 19:28:39.216 [main] INFO  o.s.w.s.m.m.a.RequestMappingHandlerMapping.register - Mapped "{[/error],produces=[text/html]}" onto public org.springframework.web.servlet.ModelAndView org.springframework.boot.autoconfigure.web.servlet.error.BasicErrorController.errorHtml(javax.servlet.http.HttpServletRequest,javax.servlet.http.HttpServletResponse)
23-08-2018 19:28:39.245 [main] INFO  o.s.w.s.h.SimpleUrlHandlerMapping.registerHandler - Mapped URL path [/webjars/**] onto handler of type [class org.springframework.web.servlet.resource.ResourceHttpRequestHandler]
23-08-2018 19:28:39.245 [main] INFO  o.s.w.s.h.SimpleUrlHandlerMapping.registerHandler - Mapped URL path [/**] onto handler of type [class org.springframework.web.servlet.resource.ResourceHttpRequestHandler]
23-08-2018 19:28:39.588 [main] INFO  c.c.b.GuestServiceTest.logStarted - Started GuestServiceTest in 3.929 seconds (JVM running for 6.162)
23-08-2018 19:28:40.163 [main] INFO  com.cg.service.GuestServiceImpl.updateGuest - GuestServiceImpl: Executing updateGuest method.
23-08-2018 19:28:40.172 [main] INFO  com.cg.service.GuestServiceImpl.registerGuest - GuestServiceImpl: Executing registerGuest method.
23-08-2018 19:28:40.176 [main] INFO  com.cg.service.GuestServiceImpl.validateGuest - GuestServiceImpl: Executing validateGuest method.
23-08-2018 19:28:40.429 [Thread-4] INFO  o.s.w.c.s.GenericWebApplicationContext.doClose - Closing org.springframework.web.context.support.GenericWebApplicationContext@54e18a46: startup date [Thu Aug 23 19:28:36 IST 2018]; root of context hierarchy
23-08-2018 19:30:11.947 [main] INFO  c.c.b.GuestServiceTest.logStarting - Starting GuestServiceTest on DIN34002994 with PID 10628 (started by sogour in D:\Users\sogour\Downloads\test-master\myItinerary)
23-08-2018 19:30:11.949 [main] INFO  c.c.b.GuestServiceTest.logStartupProfileInfo - No active profile set, falling back to default profiles: default
23-08-2018 19:30:11.989 [main] INFO  o.s.w.c.s.GenericWebApplicationContext.prepareRefresh - Refreshing org.springframework.web.context.support.GenericWebApplicationContext@78a287ed: startup date [Thu Aug 23 19:30:11 IST 2018]; root of context hierarchy
23-08-2018 19:30:13.856 [main] INFO  o.s.w.s.h.SimpleUrlHandlerMapping.registerHandler - Mapped URL path [/**/favicon.ico] onto handler of type [class org.springframework.web.servlet.resource.ResourceHttpRequestHandler]
23-08-2018 19:30:14.081 [main] INFO  o.s.w.s.m.m.a.RequestMappingHandlerAdapter.initControllerAdviceCache - Looking for @ControllerAdvice: org.springframework.web.context.support.GenericWebApplicationContext@78a287ed: startup date [Thu Aug 23 19:30:11 IST 2018]; root of context hierarchy
23-08-2018 19:30:14.164 [main] INFO  o.s.w.s.m.m.a.RequestMappingHandlerMapping.register - Mapped "{[/booking/update/dining/{diningBookingId}],methods=[PUT]}" onto public org.springframework.http.ResponseEntity<java.lang.Object> com.cg.restcontroller.BookingController.updateBookedDining(com.cg.entities.Dining,long)
23-08-2018 19:30:14.166 [main] INFO  o.s.w.s.m.m.a.RequestMappingHandlerMapping.register - Mapped "{[/booking/cancel/dining/{diningBookingId}],methods=[PUT]}" onto public org.springframework.http.ResponseEntity<java.lang.Object> com.cg.restcontroller.BookingController.cancelBookedDining(long)
23-08-2018 19:30:14.167 [main] INFO  o.s.w.s.m.m.a.RequestMappingHandlerMapping.register - Mapped "{[/booking/resort/{guestID}],methods=[POST]}" onto public org.springframework.http.ResponseEntity<java.lang.Object> com.cg.restcontroller.BookingController.bookResort(com.cg.entities.Resort,long)
23-08-2018 19:30:14.168 [main] INFO  o.s.w.s.m.m.a.RequestMappingHandlerMapping.register - Mapped "{[/booking/update/resort/{resortBookingId}],methods=[PUT]}" onto public org.springframework.http.ResponseEntity<java.lang.Object> com.cg.restcontroller.BookingController.updateBookResort(com.cg.entities.Resort,long)
23-08-2018 19:30:14.169 [main] INFO  o.s.w.s.m.m.a.RequestMappingHandlerMapping.register - Mapped "{[/booking/cancel/resort/{resortBookingId}],methods=[PUT]}" onto public org.springframework.http.ResponseEntity<java.lang.Object> com.cg.restcontroller.BookingController.cancelBookResort(long)
23-08-2018 19:30:14.170 [main] INFO  o.s.w.s.m.m.a.RequestMappingHandlerMapping.register - Mapped "{[/booking/dining/{guestID}],methods=[POST]}" onto public org.springframework.http.ResponseEntity<java.lang.Object> com.cg.restcontroller.BookingController.bookDining(com.cg.entities.Dining,long)
23-08-2018 19:30:14.170 [main] INFO  o.s.w.s.m.m.a.RequestMappingHandlerMapping.register - Mapped "{[/booking/resort/get/{rReservationNumber}],methods=[GET]}" onto public org.springframework.http.ResponseEntity<java.lang.Object> com.cg.restcontroller.BookingController.getResort(long)
23-08-2018 19:30:14.171 [main] INFO  o.s.w.s.m.m.a.RequestMappingHandlerMapping.register - Mapped "{[/booking/dining/get/{dReservationNumber}],methods=[GET]}" onto public org.springframework.http.ResponseEntity<java.lang.Object> com.cg.restcontroller.BookingController.getDining(long)
23-08-2018 19:30:14.173 [main] INFO  o.s.w.s.m.m.a.RequestMappingHandlerMapping.register - Mapped "{[/guest/register],methods=[POST]}" onto public org.springframework.http.ResponseEntity<java.lang.Object> com.cg.restcontroller.GuestController.registerGuest(com.cg.entities.Guest)
23-08-2018 19:30:14.174 [main] INFO  o.s.w.s.m.m.a.RequestMappingHandlerMapping.register - Mapped "{[/guest/update/{guestID}],methods=[PUT]}" onto public org.springframework.http.ResponseEntity<java.lang.Object> com.cg.restcontroller.GuestController.updateGuest(com.cg.entities.Guest,long)
23-08-2018 19:30:14.175 [main] INFO  o.s.w.s.m.m.a.RequestMappingHandlerMapping.register - Mapped "{[/guest/login],methods=[POST]}" onto public org.springframework.http.ResponseEntity<java.lang.Object> com.cg.restcontroller.GuestController.loginGuest(com.cg.entities.Guest)
23-08-2018 19:30:14.176 [main] INFO  o.s.w.s.m.m.a.RequestMappingHandlerMapping.register - Mapped "{[/guest/view/{guestID}],methods=[GET]}" onto public java.util.List<java.lang.Object> com.cg.restcontroller.GuestController.viewItenarary(long)
23-08-2018 19:30:14.178 [main] INFO  o.s.w.s.m.m.a.RequestMappingHandlerMapping.register - Mapped "{[/error]}" onto public org.springframework.http.ResponseEntity<java.util.Map<java.lang.String, java.lang.Object>> org.springframework.boot.autoconfigure.web.servlet.error.BasicErrorController.error(javax.servlet.http.HttpServletRequest)
23-08-2018 19:30:14.179 [main] INFO  o.s.w.s.m.m.a.RequestMappingHandlerMapping.register - Mapped "{[/error],produces=[text/html]}" onto public org.springframework.web.servlet.ModelAndView org.springframework.boot.autoconfigure.web.servlet.error.BasicErrorController.errorHtml(javax.servlet.http.HttpServletRequest,javax.servlet.http.HttpServletResponse)
23-08-2018 19:30:14.214 [main] INFO  o.s.w.s.h.SimpleUrlHandlerMapping.registerHandler - Mapped URL path [/webjars/**] onto handler of type [class org.springframework.web.servlet.resource.ResourceHttpRequestHandler]
23-08-2018 19:30:14.214 [main] INFO  o.s.w.s.h.SimpleUrlHandlerMapping.registerHandler - Mapped URL path [/**] onto handler of type [class org.springframework.web.servlet.resource.ResourceHttpRequestHandler]
23-08-2018 19:30:14.601 [main] INFO  c.c.b.GuestServiceTest.logStarted - Started GuestServiceTest in 2.986 seconds (JVM running for 5.098)
23-08-2018 19:30:30.975 [main] INFO  com.cg.service.GuestServiceImpl.validateGuest - GuestServiceImpl: Executing validateGuest method.
23-08-2018 19:30:45.181 [Thread-2] INFO  o.s.w.c.s.GenericWebApplicationContext.doClose - Closing org.springframework.web.context.support.GenericWebApplicationContext@78a287ed: startup date [Thu Aug 23 19:30:11 IST 2018]; root of context hierarchy
23-08-2018 19:31:04.823 [main] INFO  c.c.b.GuestServiceTest.logStarting - Starting GuestServiceTest on DIN34002994 with PID 11048 (started by sogour in D:\Users\sogour\Downloads\test-master\myItinerary)
23-08-2018 19:31:04.825 [main] INFO  c.c.b.GuestServiceTest.logStartupProfileInfo - No active profile set, falling back to default profiles: default
23-08-2018 19:31:04.858 [main] INFO  o.s.w.c.s.GenericWebApplicationContext.prepareRefresh - Refreshing org.springframework.web.context.support.GenericWebApplicationContext@3c435123: startup date [Thu Aug 23 19:31:04 IST 2018]; root of context hierarchy
23-08-2018 19:31:07.077 [main] INFO  o.s.w.s.h.SimpleUrlHandlerMapping.registerHandler - Mapped URL path [/**/favicon.ico] onto handler of type [class org.springframework.web.servlet.resource.ResourceHttpRequestHandler]
23-08-2018 19:31:07.324 [main] INFO  o.s.w.s.m.m.a.RequestMappingHandlerAdapter.initControllerAdviceCache - Looking for @ControllerAdvice: org.springframework.web.context.support.GenericWebApplicationContext@3c435123: startup date [Thu Aug 23 19:31:04 IST 2018]; root of context hierarchy
23-08-2018 19:31:07.403 [main] INFO  o.s.w.s.m.m.a.RequestMappingHandlerMapping.register - Mapped "{[/booking/resort/{guestID}],methods=[POST]}" onto public org.springframework.http.ResponseEntity<java.lang.Object> com.cg.restcontroller.BookingController.bookResort(com.cg.entities.Resort,long)
23-08-2018 19:31:07.405 [main] INFO  o.s.w.s.m.m.a.RequestMappingHandlerMapping.register - Mapped "{[/booking/update/resort/{resortBookingId}],methods=[PUT]}" onto public org.springframework.http.ResponseEntity<java.lang.Object> com.cg.restcontroller.BookingController.updateBookResort(com.cg.entities.Resort,long)
23-08-2018 19:31:07.406 [main] INFO  o.s.w.s.m.m.a.RequestMappingHandlerMapping.register - Mapped "{[/booking/cancel/resort/{resortBookingId}],methods=[PUT]}" onto public org.springframework.http.ResponseEntity<java.lang.Object> com.cg.restcontroller.BookingController.cancelBookResort(long)
23-08-2018 19:31:07.406 [main] INFO  o.s.w.s.m.m.a.RequestMappingHandlerMapping.register - Mapped "{[/booking/dining/{guestID}],methods=[POST]}" onto public org.springframework.http.ResponseEntity<java.lang.Object> com.cg.restcontroller.BookingController.bookDining(com.cg.entities.Dining,long)
23-08-2018 19:31:07.407 [main] INFO  o.s.w.s.m.m.a.RequestMappingHandlerMapping.register - Mapped "{[/booking/resort/get/{rReservationNumber}],methods=[GET]}" onto public org.springframework.http.ResponseEntity<java.lang.Object> com.cg.restcontroller.BookingController.getResort(long)
23-08-2018 19:31:07.408 [main] INFO  o.s.w.s.m.m.a.RequestMappingHandlerMapping.register - Mapped "{[/booking/dining/get/{dReservationNumber}],methods=[GET]}" onto public org.springframework.http.ResponseEntity<java.lang.Object> com.cg.restcontroller.BookingController.getDining(long)
23-08-2018 19:31:07.409 [main] INFO  o.s.w.s.m.m.a.RequestMappingHandlerMapping.register - Mapped "{[/booking/update/dining/{diningBookingId}],methods=[PUT]}" onto public org.springframework.http.ResponseEntity<java.lang.Object> com.cg.restcontroller.BookingController.updateBookedDining(com.cg.entities.Dining,long)
23-08-2018 19:31:07.409 [main] INFO  o.s.w.s.m.m.a.RequestMappingHandlerMapping.register - Mapped "{[/booking/cancel/dining/{diningBookingId}],methods=[PUT]}" onto public org.springframework.http.ResponseEntity<java.lang.Object> com.cg.restcontroller.BookingController.cancelBookedDining(long)
23-08-2018 19:31:07.411 [main] INFO  o.s.w.s.m.m.a.RequestMappingHandlerMapping.register - Mapped "{[/guest/register],methods=[POST]}" onto public org.springframework.http.ResponseEntity<java.lang.Object> com.cg.restcontroller.GuestController.registerGuest(com.cg.entities.Guest)
23-08-2018 19:31:07.412 [main] INFO  o.s.w.s.m.m.a.RequestMappingHandlerMapping.register - Mapped "{[/guest/update/{guestID}],methods=[PUT]}" onto public org.springframework.http.ResponseEntity<java.lang.Object> com.cg.restcontroller.GuestController.updateGuest(com.cg.entities.Guest,long)
23-08-2018 19:31:07.413 [main] INFO  o.s.w.s.m.m.a.RequestMappingHandlerMapping.register - Mapped "{[/guest/login],methods=[POST]}" onto public org.springframework.http.ResponseEntity<java.lang.Object> com.cg.restcontroller.GuestController.loginGuest(com.cg.entities.Guest)
23-08-2018 19:31:07.413 [main] INFO  o.s.w.s.m.m.a.RequestMappingHandlerMapping.register - Mapped "{[/guest/view/{guestID}],methods=[GET]}" onto public java.util.List<java.lang.Object> com.cg.restcontroller.GuestController.viewItenarary(long)
23-08-2018 19:31:07.416 [main] INFO  o.s.w.s.m.m.a.RequestMappingHandlerMapping.register - Mapped "{[/error]}" onto public org.springframework.http.ResponseEntity<java.util.Map<java.lang.String, java.lang.Object>> org.springframework.boot.autoconfigure.web.servlet.error.BasicErrorController.error(javax.servlet.http.HttpServletRequest)
23-08-2018 19:31:07.417 [main] INFO  o.s.w.s.m.m.a.RequestMappingHandlerMapping.register - Mapped "{[/error],produces=[text/html]}" onto public org.springframework.web.servlet.ModelAndView org.springframework.boot.autoconfigure.web.servlet.error.BasicErrorController.errorHtml(javax.servlet.http.HttpServletRequest,javax.servlet.http.HttpServletResponse)
23-08-2018 19:31:07.453 [main] INFO  o.s.w.s.h.SimpleUrlHandlerMapping.registerHandler - Mapped URL path [/webjars/**] onto handler of type [class org.springframework.web.servlet.resource.ResourceHttpRequestHandler]
23-08-2018 19:31:07.454 [main] INFO  o.s.w.s.h.SimpleUrlHandlerMapping.registerHandler - Mapped URL path [/**] onto handler of type [class org.springframework.web.servlet.resource.ResourceHttpRequestHandler]
23-08-2018 19:31:07.820 [main] INFO  c.c.b.GuestServiceTest.logStarted - Started GuestServiceTest in 3.464 seconds (JVM running for 4.766)
23-08-2018 19:31:20.406 [main] INFO  com.cg.service.GuestServiceImpl.validateGuest - GuestServiceImpl: Executing validateGuest method.
23-08-2018 19:31:34.834 [Thread-2] INFO  o.s.w.c.s.GenericWebApplicationContext.doClose - Closing org.springframework.web.context.support.GenericWebApplicationContext@3c435123: startup date [Thu Aug 23 19:31:04 IST 2018]; root of context hierarchy
