16-08-2018 16:23:32.350 [main] INFO  c.c.b.BookingServiceTest.logStarting - Starting BookingServiceTest on DIN34002994 with PID 10180 (started by sogour in C:\Users\sogour\Documents\workspace-sts-3.9.4.RELEASE\myApp)
16-08-2018 16:23:32.360 [main] INFO  c.c.b.BookingServiceTest.logStartupProfileInfo - No active profile set, falling back to default profiles: default
16-08-2018 16:23:32.389 [main] INFO  o.s.w.c.s.GenericWebApplicationContext.prepareRefresh - Refreshing org.springframework.web.context.support.GenericWebApplicationContext@6933b6c6: startup date [Thu Aug 16 16:23:32 IST 2018]; root of context hierarchy
16-08-2018 16:23:34.090 [main] INFO  o.s.w.s.h.SimpleUrlHandlerMapping.registerHandler - Mapped URL path [/**/favicon.ico] onto handler of type [class org.springframework.web.servlet.resource.ResourceHttpRequestHandler]
16-08-2018 16:23:34.265 [main] INFO  o.s.w.s.m.m.a.RequestMappingHandlerAdapter.initControllerAdviceCache - Looking for @ControllerAdvice: org.springframework.web.context.support.GenericWebApplicationContext@6933b6c6: startup date [Thu Aug 16 16:23:32 IST 2018]; root of context hierarchy
16-08-2018 16:23:34.336 [main] INFO  o.s.w.s.m.m.a.RequestMappingHandlerMapping.register - Mapped "{[/booking/update/dining/{diningBookingId}],methods=[PUT]}" onto public org.springframework.http.ResponseEntity<java.lang.Object> com.cg.restcontroller.BookingController.updateBookedDining(com.cg.entities.Dining,long)
16-08-2018 16:23:34.338 [main] INFO  o.s.w.s.m.m.a.RequestMappingHandlerMapping.register - Mapped "{[/booking/cancel/dining/{diningBookingId}],methods=[PUT]}" onto public org.springframework.http.ResponseEntity<java.lang.Object> com.cg.restcontroller.BookingController.cancelBookedDining(long)
16-08-2018 16:23:34.340 [main] INFO  o.s.w.s.m.m.a.RequestMappingHandlerMapping.register - Mapped "{[/booking/resort/{guestID}],methods=[POST]}" onto public org.springframework.http.ResponseEntity<java.lang.Object> com.cg.restcontroller.BookingController.bookResort(com.cg.entities.Resort,long)
16-08-2018 16:23:34.340 [main] INFO  o.s.w.s.m.m.a.RequestMappingHandlerMapping.register - Mapped "{[/booking/update/resort/{resortBookingId}],methods=[PUT]}" onto public org.springframework.http.ResponseEntity<java.lang.Object> com.cg.restcontroller.BookingController.updateBookResort(com.cg.entities.Resort,long)
16-08-2018 16:23:34.341 [main] INFO  o.s.w.s.m.m.a.RequestMappingHandlerMapping.register - Mapped "{[/booking/cancel/resort/{resortBookingId}],methods=[PUT]}" onto public org.springframework.http.ResponseEntity<java.lang.Object> com.cg.restcontroller.BookingController.cancelBookResort(long)
16-08-2018 16:23:34.342 [main] INFO  o.s.w.s.m.m.a.RequestMappingHandlerMapping.register - Mapped "{[/booking/dining/{guestID}],methods=[POST]}" onto public org.springframework.http.ResponseEntity<java.lang.Object> com.cg.restcontroller.BookingController.bookDining(com.cg.entities.Dining,long)
16-08-2018 16:23:34.345 [main] INFO  o.s.w.s.m.m.a.RequestMappingHandlerMapping.register - Mapped "{[/guest/register],methods=[POST]}" onto public org.springframework.http.ResponseEntity<java.lang.Object> com.cg.restcontroller.GuestController.registerGuest(com.cg.entities.Guest)
16-08-2018 16:23:34.347 [main] INFO  o.s.w.s.m.m.a.RequestMappingHandlerMapping.register - Mapped "{[/guest/update/{guestID}],methods=[PUT]}" onto public org.springframework.http.ResponseEntity<java.lang.Object> com.cg.restcontroller.GuestController.updateGuest(com.cg.entities.Guest,long)
16-08-2018 16:23:34.348 [main] INFO  o.s.w.s.m.m.a.RequestMappingHandlerMapping.register - Mapped "{[/guest/login],methods=[POST]}" onto public org.springframework.http.ResponseEntity<java.lang.Object> com.cg.restcontroller.GuestController.loginGuest(com.cg.entities.Guest)
16-08-2018 16:23:34.348 [main] INFO  o.s.w.s.m.m.a.RequestMappingHandlerMapping.register - Mapped "{[/guest/view/{guestID}],methods=[GET]}" onto public java.util.List<java.lang.Object> com.cg.restcontroller.GuestController.viewItenarary(long)
16-08-2018 16:23:34.350 [main] INFO  o.s.w.s.m.m.a.RequestMappingHandlerMapping.register - Mapped "{[/error]}" onto public org.springframework.http.ResponseEntity<java.util.Map<java.lang.String, java.lang.Object>> org.springframework.boot.autoconfigure.web.servlet.error.BasicErrorController.error(javax.servlet.http.HttpServletRequest)
16-08-2018 16:23:34.352 [main] INFO  o.s.w.s.m.m.a.RequestMappingHandlerMapping.register - Mapped "{[/error],produces=[text/html]}" onto public org.springframework.web.servlet.ModelAndView org.springframework.boot.autoconfigure.web.servlet.error.BasicErrorController.errorHtml(javax.servlet.http.HttpServletRequest,javax.servlet.http.HttpServletResponse)
16-08-2018 16:23:34.381 [main] INFO  o.s.w.s.h.SimpleUrlHandlerMapping.registerHandler - Mapped URL path [/webjars/**] onto handler of type [class org.springframework.web.servlet.resource.ResourceHttpRequestHandler]
16-08-2018 16:23:34.382 [main] INFO  o.s.w.s.h.SimpleUrlHandlerMapping.registerHandler - Mapped URL path [/**] onto handler of type [class org.springframework.web.servlet.resource.ResourceHttpRequestHandler]
16-08-2018 16:23:34.863 [main] INFO  c.c.b.BookingServiceTest.logStarted - Started BookingServiceTest in 2.97 seconds (JVM running for 4.15)
16-08-2018 16:23:35.367 [main] INFO  BookingServiceImpl.class.getAllDiningDetails - BookingServiceImpl: Executing getAllDiningDetails method.
16-08-2018 16:23:35.377 [main] INFO  BookingServiceImpl.class.updateBookedDining - BookingServiceImpl: Executing updateBookedDining method.
16-08-2018 16:23:35.383 [main] INFO  BookingServiceImpl.class.updateBookResort - BookingServiceImpl: Executing updateBookResort method.
16-08-2018 16:23:35.387 [main] INFO  BookingServiceImpl.class.getAllResortDetails - BookingServiceImpl: Executing getAllResortDetails method.
16-08-2018 16:23:35.391 [main] INFO  BookingServiceImpl.class.cancelBookedDining - BookingServiceImpl: Executing cancelBookResort method.
16-08-2018 16:23:35.394 [main] INFO  BookingServiceImpl.class.cancelBookResort - BookingServiceImpl: Executing cancelBookResort method.
16-08-2018 16:23:35.399 [main] INFO  BookingServiceImpl.class.bookDining - BookingServiceImpl: Executing bookDining method.
16-08-2018 16:23:35.402 [main] INFO  BookingServiceImpl.class.bookResort - BookingServiceImpl: Executing bookResort method.
16-08-2018 16:23:35.405 [main] INFO  o.s.b.t.c.SpringBootTestContextBootstrapper.buildDefaultMergedContextConfiguration - Neither @ContextConfiguration nor @ContextHierarchy found for test class [com.cg.bootjdbctemplate.GuestServiceTest], using SpringBootContextLoader
16-08-2018 16:23:35.406 [main] INFO  o.s.t.c.s.AbstractContextLoader.generateDefaultLocations - Could not detect default resource locations for test class [com.cg.bootjdbctemplate.GuestServiceTest]: no resource found for suffixes {-context.xml, Context.groovy}.
16-08-2018 16:23:35.406 [main] INFO  o.s.t.c.s.AnnotationConfigContextLoaderUtils.detectDefaultConfigurationClasses - Could not detect default configuration classes for test class [com.cg.bootjdbctemplate.GuestServiceTest]: GuestServiceTest does not declare any static, non-private, non-final, nested classes annotated with @Configuration.
16-08-2018 16:23:35.409 [main] INFO  o.s.b.t.c.SpringBootTestContextBootstrapper.getOrFindConfigurationClasses - Found @SpringBootConfiguration com.cg.MyApplication for test class com.cg.bootjdbctemplate.GuestServiceTest
16-08-2018 16:23:35.410 [main] INFO  o.s.b.t.c.SpringBootTestContextBootstrapper.getDefaultTestExecutionListenerClassNames - Loaded default TestExecutionListener class names from location [META-INF/spring.factories]: [org.springframework.boot.test.mock.mockito.MockitoTestExecutionListener, org.springframework.boot.test.mock.mockito.ResetMocksTestExecutionListener, org.springframework.boot.test.autoconfigure.restdocs.RestDocsTestExecutionListener, org.springframework.boot.test.autoconfigure.web.client.MockRestServiceServerResetTestExecutionListener, org.springframework.boot.test.autoconfigure.web.servlet.MockMvcPrintOnlyOnFailureTestExecutionListener, org.springframework.boot.test.autoconfigure.web.servlet.WebDriverTestExecutionListener, org.springframework.test.context.web.ServletTestExecutionListener, org.springframework.test.context.support.DirtiesContextBeforeModesTestExecutionListener, org.springframework.test.context.support.DependencyInjectionTestExecutionListener, org.springframework.test.context.support.DirtiesContextTestExecutionListener, org.springframework.test.context.transaction.TransactionalTestExecutionListener, org.springframework.test.context.jdbc.SqlScriptsTestExecutionListener]
16-08-2018 16:23:35.411 [main] INFO  o.s.b.t.c.SpringBootTestContextBootstrapper.getTestExecutionListeners - Using TestExecutionListeners: [org.springframework.test.context.web.ServletTestExecutionListener@fab35b1, org.springframework.test.context.support.DirtiesContextBeforeModesTestExecutionListener@6a094db2, org.springframework.boot.test.mock.mockito.MockitoTestExecutionListener@65bdd558, org.springframework.boot.test.autoconfigure.SpringBootDependencyInjectionTestExecutionListener@1dba4e06, org.springframework.test.context.support.DirtiesContextTestExecutionListener@4beaf6bd, org.springframework.test.context.transaction.TransactionalTestExecutionListener@6b2e46af, org.springframework.test.context.jdbc.SqlScriptsTestExecutionListener@60325987, org.springframework.boot.test.mock.mockito.ResetMocksTestExecutionListener@2f37f1f9, org.springframework.boot.test.autoconfigure.restdocs.RestDocsTestExecutionListener@3374b5bc, org.springframework.boot.test.autoconfigure.web.client.MockRestServiceServerResetTestExecutionListener@2af69643, org.springframework.boot.test.autoconfigure.web.servlet.MockMvcPrintOnlyOnFailureTestExecutionListener@587a1cfb, org.springframework.boot.test.autoconfigure.web.servlet.WebDriverTestExecutionListener@48528634]
16-08-2018 16:23:35.435 [main] INFO  com.zaxxer.hikari.HikariDataSource.getConnection - HikariPool-1 - Starting...
16-08-2018 16:23:35.844 [main] INFO  com.zaxxer.hikari.HikariDataSource.getConnection - HikariPool-1 - Start completed.
16-08-2018 16:23:35.859 [main] INFO  com.cg.service.GuestServiceImpl.registerGuest - GuestServiceImpl: Executing registerGuest method.
16-08-2018 16:23:35.864 [main] INFO  com.cg.dao.GuestDAOImpl.registerGuest - GuestDAOImpl:	Executing Guest Registering .
16-08-2018 16:23:35.919 [main] INFO  com.cg.dao.GuestDAOImpl.registerGuest - GuestDAOImpl:	New Guest is registered.
16-08-2018 16:23:36.255 [main] INFO  com.cg.service.GuestServiceImpl.validateGuest - GuestServiceImpl: Executing validateGuest method.
16-08-2018 16:23:36.256 [main] INFO  com.cg.dao.GuestDAOImpl.validateGuest - GuestDAOImpl:	validating guest with provided email and password
16-08-2018 16:23:36.258 [main] INFO  com.cg.dao.GuestDAOImpl.validateGuest - GuestDAOImpl: Guest with provided email and password is found
16-08-2018 16:23:36.281 [Thread-2] INFO  o.s.w.c.s.GenericWebApplicationContext.doClose - Closing org.springframework.web.context.support.GenericWebApplicationContext@6933b6c6: startup date [Thu Aug 16 16:23:32 IST 2018]; root of context hierarchy
16-08-2018 16:23:36.286 [Thread-2] INFO  com.zaxxer.hikari.HikariDataSource.close - HikariPool-1 - Shutdown initiated...
16-08-2018 16:23:36.320 [Thread-2] INFO  com.zaxxer.hikari.HikariDataSource.close - HikariPool-1 - Shutdown completed.
16-08-2018 16:34:00.695 [main] INFO  c.c.b.BookingServiceTest.logStarting - Starting BookingServiceTest on DIN34002994 with PID 10084 (started by sogour in C:\Users\sogour\Documents\workspace-sts-3.9.4.RELEASE\myApp)
16-08-2018 16:34:00.697 [main] INFO  c.c.b.BookingServiceTest.logStartupProfileInfo - No active profile set, falling back to default profiles: default
16-08-2018 16:34:00.727 [main] INFO  o.s.w.c.s.GenericWebApplicationContext.prepareRefresh - Refreshing org.springframework.web.context.support.GenericWebApplicationContext@3aa078fd: startup date [Thu Aug 16 16:34:00 IST 2018]; root of context hierarchy
16-08-2018 16:34:02.328 [main] INFO  o.s.w.s.h.SimpleUrlHandlerMapping.registerHandler - Mapped URL path [/**/favicon.ico] onto handler of type [class org.springframework.web.servlet.resource.ResourceHttpRequestHandler]
16-08-2018 16:34:02.508 [main] INFO  o.s.w.s.m.m.a.RequestMappingHandlerAdapter.initControllerAdviceCache - Looking for @ControllerAdvice: org.springframework.web.context.support.GenericWebApplicationContext@3aa078fd: startup date [Thu Aug 16 16:34:00 IST 2018]; root of context hierarchy
16-08-2018 16:34:02.574 [main] INFO  o.s.w.s.m.m.a.RequestMappingHandlerMapping.register - Mapped "{[/booking/update/dining/{diningBookingId}],methods=[PUT]}" onto public org.springframework.http.ResponseEntity<java.lang.Object> com.cg.restcontroller.BookingController.updateBookedDining(com.cg.entities.Dining,long)
16-08-2018 16:34:02.576 [main] INFO  o.s.w.s.m.m.a.RequestMappingHandlerMapping.register - Mapped "{[/booking/cancel/dining/{diningBookingId}],methods=[PUT]}" onto public org.springframework.http.ResponseEntity<java.lang.Object> com.cg.restcontroller.BookingController.cancelBookedDining(long)
16-08-2018 16:34:02.576 [main] INFO  o.s.w.s.m.m.a.RequestMappingHandlerMapping.register - Mapped "{[/booking/resort/{guestID}],methods=[POST]}" onto public org.springframework.http.ResponseEntity<java.lang.Object> com.cg.restcontroller.BookingController.bookResort(com.cg.entities.Resort,long)
16-08-2018 16:34:02.577 [main] INFO  o.s.w.s.m.m.a.RequestMappingHandlerMapping.register - Mapped "{[/booking/update/resort/{resortBookingId}],methods=[PUT]}" onto public org.springframework.http.ResponseEntity<java.lang.Object> com.cg.restcontroller.BookingController.updateBookResort(com.cg.entities.Resort,long)
16-08-2018 16:34:02.578 [main] INFO  o.s.w.s.m.m.a.RequestMappingHandlerMapping.register - Mapped "{[/booking/cancel/resort/{resortBookingId}],methods=[PUT]}" onto public org.springframework.http.ResponseEntity<java.lang.Object> com.cg.restcontroller.BookingController.cancelBookResort(long)
16-08-2018 16:34:02.579 [main] INFO  o.s.w.s.m.m.a.RequestMappingHandlerMapping.register - Mapped "{[/booking/dining/{guestID}],methods=[POST]}" onto public org.springframework.http.ResponseEntity<java.lang.Object> com.cg.restcontroller.BookingController.bookDining(com.cg.entities.Dining,long)
16-08-2018 16:34:02.581 [main] INFO  o.s.w.s.m.m.a.RequestMappingHandlerMapping.register - Mapped "{[/guest/register],methods=[POST]}" onto public org.springframework.http.ResponseEntity<java.lang.Object> com.cg.restcontroller.GuestController.registerGuest(com.cg.entities.Guest)
16-08-2018 16:34:02.582 [main] INFO  o.s.w.s.m.m.a.RequestMappingHandlerMapping.register - Mapped "{[/guest/update/{guestID}],methods=[PUT]}" onto public org.springframework.http.ResponseEntity<java.lang.Object> com.cg.restcontroller.GuestController.updateGuest(com.cg.entities.Guest,long)
16-08-2018 16:34:02.583 [main] INFO  o.s.w.s.m.m.a.RequestMappingHandlerMapping.register - Mapped "{[/guest/login],methods=[POST]}" onto public org.springframework.http.ResponseEntity<java.lang.Object> com.cg.restcontroller.GuestController.loginGuest(com.cg.entities.Guest)
16-08-2018 16:34:02.584 [main] INFO  o.s.w.s.m.m.a.RequestMappingHandlerMapping.register - Mapped "{[/guest/view/{guestID}],methods=[GET]}" onto public java.util.List<java.lang.Object> com.cg.restcontroller.GuestController.viewItenarary(long)
16-08-2018 16:34:02.586 [main] INFO  o.s.w.s.m.m.a.RequestMappingHandlerMapping.register - Mapped "{[/error]}" onto public org.springframework.http.ResponseEntity<java.util.Map<java.lang.String, java.lang.Object>> org.springframework.boot.autoconfigure.web.servlet.error.BasicErrorController.error(javax.servlet.http.HttpServletRequest)
16-08-2018 16:34:02.587 [main] INFO  o.s.w.s.m.m.a.RequestMappingHandlerMapping.register - Mapped "{[/error],produces=[text/html]}" onto public org.springframework.web.servlet.ModelAndView org.springframework.boot.autoconfigure.web.servlet.error.BasicErrorController.errorHtml(javax.servlet.http.HttpServletRequest,javax.servlet.http.HttpServletResponse)
16-08-2018 16:34:02.610 [main] INFO  o.s.w.s.h.SimpleUrlHandlerMapping.registerHandler - Mapped URL path [/webjars/**] onto handler of type [class org.springframework.web.servlet.resource.ResourceHttpRequestHandler]
16-08-2018 16:34:02.610 [main] INFO  o.s.w.s.h.SimpleUrlHandlerMapping.registerHandler - Mapped URL path [/**] onto handler of type [class org.springframework.web.servlet.resource.ResourceHttpRequestHandler]
16-08-2018 16:34:02.869 [main] INFO  c.c.b.BookingServiceTest.logStarted - Started BookingServiceTest in 2.52 seconds (JVM running for 3.588)
16-08-2018 16:34:03.371 [main] INFO  BookingServiceImpl.class.getAllDiningDetails - BookingServiceImpl: Executing getAllDiningDetails method.
16-08-2018 16:34:03.379 [main] INFO  BookingServiceImpl.class.updateBookedDining - BookingServiceImpl: Executing updateBookedDining method.
16-08-2018 16:34:03.382 [main] INFO  BookingServiceImpl.class.updateBookResort - BookingServiceImpl: Executing updateBookResort method.
16-08-2018 16:34:03.385 [main] INFO  BookingServiceImpl.class.getAllResortDetails - BookingServiceImpl: Executing getAllResortDetails method.
16-08-2018 16:34:03.388 [main] INFO  BookingServiceImpl.class.cancelBookedDining - BookingServiceImpl: Executing cancelBookResort method.
16-08-2018 16:34:03.392 [main] INFO  BookingServiceImpl.class.cancelBookResort - BookingServiceImpl: Executing cancelBookResort method.
16-08-2018 16:34:03.397 [main] INFO  BookingServiceImpl.class.bookDining - BookingServiceImpl: Executing bookDining method.
16-08-2018 16:34:03.401 [main] INFO  BookingServiceImpl.class.bookResort - BookingServiceImpl: Executing bookResort method.
16-08-2018 16:34:03.404 [main] INFO  o.s.b.t.c.SpringBootTestContextBootstrapper.buildDefaultMergedContextConfiguration - Neither @ContextConfiguration nor @ContextHierarchy found for test class [com.cg.bootjdbctemplate.GuestServiceTest], using SpringBootContextLoader
16-08-2018 16:34:03.405 [main] INFO  o.s.t.c.s.AbstractContextLoader.generateDefaultLocations - Could not detect default resource locations for test class [com.cg.bootjdbctemplate.GuestServiceTest]: no resource found for suffixes {-context.xml, Context.groovy}.
16-08-2018 16:34:03.405 [main] INFO  o.s.t.c.s.AnnotationConfigContextLoaderUtils.detectDefaultConfigurationClasses - Could not detect default configuration classes for test class [com.cg.bootjdbctemplate.GuestServiceTest]: GuestServiceTest does not declare any static, non-private, non-final, nested classes annotated with @Configuration.
16-08-2018 16:34:03.408 [main] INFO  o.s.b.t.c.SpringBootTestContextBootstrapper.getOrFindConfigurationClasses - Found @SpringBootConfiguration com.cg.MyApplication for test class com.cg.bootjdbctemplate.GuestServiceTest
16-08-2018 16:34:03.409 [main] INFO  o.s.b.t.c.SpringBootTestContextBootstrapper.getDefaultTestExecutionListenerClassNames - Loaded default TestExecutionListener class names from location [META-INF/spring.factories]: [org.springframework.boot.test.mock.mockito.MockitoTestExecutionListener, org.springframework.boot.test.mock.mockito.ResetMocksTestExecutionListener, org.springframework.boot.test.autoconfigure.restdocs.RestDocsTestExecutionListener, org.springframework.boot.test.autoconfigure.web.client.MockRestServiceServerResetTestExecutionListener, org.springframework.boot.test.autoconfigure.web.servlet.MockMvcPrintOnlyOnFailureTestExecutionListener, org.springframework.boot.test.autoconfigure.web.servlet.WebDriverTestExecutionListener, org.springframework.test.context.web.ServletTestExecutionListener, org.springframework.test.context.support.DirtiesContextBeforeModesTestExecutionListener, org.springframework.test.context.support.DependencyInjectionTestExecutionListener, org.springframework.test.context.support.DirtiesContextTestExecutionListener, org.springframework.test.context.transaction.TransactionalTestExecutionListener, org.springframework.test.context.jdbc.SqlScriptsTestExecutionListener]
16-08-2018 16:34:03.410 [main] INFO  o.s.b.t.c.SpringBootTestContextBootstrapper.getTestExecutionListeners - Using TestExecutionListeners: [org.springframework.test.context.web.ServletTestExecutionListener@587a1cfb, org.springframework.test.context.support.DirtiesContextBeforeModesTestExecutionListener@48528634, org.springframework.boot.test.mock.mockito.MockitoTestExecutionListener@5e1d03d7, org.springframework.boot.test.autoconfigure.SpringBootDependencyInjectionTestExecutionListener@4047d2d9, org.springframework.test.context.support.DirtiesContextTestExecutionListener@48d293ee, org.springframework.test.context.transaction.TransactionalTestExecutionListener@146dcfe6, org.springframework.test.context.jdbc.SqlScriptsTestExecutionListener@22587507, org.springframework.boot.test.mock.mockito.ResetMocksTestExecutionListener@5c77ba8f, org.springframework.boot.test.autoconfigure.restdocs.RestDocsTestExecutionListener@660f0c, org.springframework.boot.test.autoconfigure.web.client.MockRestServiceServerResetTestExecutionListener@7a0ef219, org.springframework.boot.test.autoconfigure.web.servlet.MockMvcPrintOnlyOnFailureTestExecutionListener@1b1f5012, org.springframework.boot.test.autoconfigure.web.servlet.WebDriverTestExecutionListener@7add323c]
16-08-2018 16:34:03.424 [main] INFO  com.zaxxer.hikari.HikariDataSource.getConnection - HikariPool-1 - Starting...
16-08-2018 16:34:03.688 [main] INFO  com.zaxxer.hikari.HikariDataSource.getConnection - HikariPool-1 - Start completed.
16-08-2018 16:34:03.698 [main] INFO  com.cg.service.GuestServiceImpl.registerGuest - GuestServiceImpl: Executing registerGuest method.
16-08-2018 16:34:03.703 [main] INFO  com.cg.dao.GuestDAOImpl.registerGuest - GuestDAOImpl:	Executing Guest Registering .
16-08-2018 16:34:03.833 [main] INFO  o.s.b.f.xml.XmlBeanDefinitionReader.loadBeanDefinitions - Loading XML bean definitions from class path resource [org/springframework/jdbc/support/sql-error-codes.xml]
16-08-2018 16:34:03.935 [main] INFO  o.s.j.support.SQLErrorCodesFactory.<init> - SQLErrorCodes loaded: [DB2, Derby, H2, HDB, HSQL, Informix, MS-SQL, MySQL, Oracle, PostgreSQL, Sybase]
16-08-2018 16:34:03.937 [main] WARN  com.cg.dao.GuestDAOImpl.registerGuest - GuestDAOImpl:Registration Failed. Duplicate email.
16-08-2018 16:34:04.049 [main] INFO  com.cg.service.GuestServiceImpl.validateGuest - GuestServiceImpl: Executing validateGuest method.
16-08-2018 16:34:04.049 [main] INFO  com.cg.dao.GuestDAOImpl.validateGuest - GuestDAOImpl:	validating guest with provided email and password
16-08-2018 16:34:04.065 [main] INFO  com.cg.dao.GuestDAOImpl.validateGuest - GuestDAOImpl: Guest with provided email and password is found
16-08-2018 16:34:04.094 [Thread-2] INFO  o.s.w.c.s.GenericWebApplicationContext.doClose - Closing org.springframework.web.context.support.GenericWebApplicationContext@3aa078fd: startup date [Thu Aug 16 16:34:00 IST 2018]; root of context hierarchy
16-08-2018 16:34:04.097 [Thread-2] INFO  com.zaxxer.hikari.HikariDataSource.close - HikariPool-1 - Shutdown initiated...
16-08-2018 16:34:04.108 [Thread-2] INFO  com.zaxxer.hikari.HikariDataSource.close - HikariPool-1 - Shutdown completed.
16-08-2018 16:35:27.056 [main] INFO  c.c.b.BookingServiceTest.logStarting - Starting BookingServiceTest on DIN34002994 with PID 8376 (started by sogour in C:\Users\sogour\Documents\workspace-sts-3.9.4.RELEASE\myApp)
16-08-2018 16:35:27.058 [main] INFO  c.c.b.BookingServiceTest.logStartupProfileInfo - No active profile set, falling back to default profiles: default
16-08-2018 16:35:27.085 [main] INFO  o.s.w.c.s.GenericWebApplicationContext.prepareRefresh - Refreshing org.springframework.web.context.support.GenericWebApplicationContext@3aa078fd: startup date [Thu Aug 16 16:35:27 IST 2018]; root of context hierarchy
16-08-2018 16:35:28.725 [main] INFO  o.s.w.s.h.SimpleUrlHandlerMapping.registerHandler - Mapped URL path [/**/favicon.ico] onto handler of type [class org.springframework.web.servlet.resource.ResourceHttpRequestHandler]
16-08-2018 16:35:28.949 [main] INFO  o.s.w.s.m.m.a.RequestMappingHandlerAdapter.initControllerAdviceCache - Looking for @ControllerAdvice: org.springframework.web.context.support.GenericWebApplicationContext@3aa078fd: startup date [Thu Aug 16 16:35:27 IST 2018]; root of context hierarchy
16-08-2018 16:35:29.038 [main] INFO  o.s.w.s.m.m.a.RequestMappingHandlerMapping.register - Mapped "{[/booking/update/dining/{diningBookingId}],methods=[PUT]}" onto public org.springframework.http.ResponseEntity<java.lang.Object> com.cg.restcontroller.BookingController.updateBookedDining(com.cg.entities.Dining,long)
16-08-2018 16:35:29.040 [main] INFO  o.s.w.s.m.m.a.RequestMappingHandlerMapping.register - Mapped "{[/booking/cancel/dining/{diningBookingId}],methods=[PUT]}" onto public org.springframework.http.ResponseEntity<java.lang.Object> com.cg.restcontroller.BookingController.cancelBookedDining(long)
16-08-2018 16:35:29.041 [main] INFO  o.s.w.s.m.m.a.RequestMappingHandlerMapping.register - Mapped "{[/booking/resort/{guestID}],methods=[POST]}" onto public org.springframework.http.ResponseEntity<java.lang.Object> com.cg.restcontroller.BookingController.bookResort(com.cg.entities.Resort,long)
16-08-2018 16:35:29.041 [main] INFO  o.s.w.s.m.m.a.RequestMappingHandlerMapping.register - Mapped "{[/booking/update/resort/{resortBookingId}],methods=[PUT]}" onto public org.springframework.http.ResponseEntity<java.lang.Object> com.cg.restcontroller.BookingController.updateBookResort(com.cg.entities.Resort,long)
16-08-2018 16:35:29.042 [main] INFO  o.s.w.s.m.m.a.RequestMappingHandlerMapping.register - Mapped "{[/booking/cancel/resort/{resortBookingId}],methods=[PUT]}" onto public org.springframework.http.ResponseEntity<java.lang.Object> com.cg.restcontroller.BookingController.cancelBookResort(long)
16-08-2018 16:35:29.043 [main] INFO  o.s.w.s.m.m.a.RequestMappingHandlerMapping.register - Mapped "{[/booking/dining/{guestID}],methods=[POST]}" onto public org.springframework.http.ResponseEntity<java.lang.Object> com.cg.restcontroller.BookingController.bookDining(com.cg.entities.Dining,long)
16-08-2018 16:35:29.048 [main] INFO  o.s.w.s.m.m.a.RequestMappingHandlerMapping.register - Mapped "{[/guest/register],methods=[POST]}" onto public org.springframework.http.ResponseEntity<java.lang.Object> com.cg.restcontroller.GuestController.registerGuest(com.cg.entities.Guest)
16-08-2018 16:35:29.049 [main] INFO  o.s.w.s.m.m.a.RequestMappingHandlerMapping.register - Mapped "{[/guest/update/{guestID}],methods=[PUT]}" onto public org.springframework.http.ResponseEntity<java.lang.Object> com.cg.restcontroller.GuestController.updateGuest(com.cg.entities.Guest,long)
16-08-2018 16:35:29.050 [main] INFO  o.s.w.s.m.m.a.RequestMappingHandlerMapping.register - Mapped "{[/guest/login],methods=[POST]}" onto public org.springframework.http.ResponseEntity<java.lang.Object> com.cg.restcontroller.GuestController.loginGuest(com.cg.entities.Guest)
16-08-2018 16:35:29.050 [main] INFO  o.s.w.s.m.m.a.RequestMappingHandlerMapping.register - Mapped "{[/guest/view/{guestID}],methods=[GET]}" onto public java.util.List<java.lang.Object> com.cg.restcontroller.GuestController.viewItenarary(long)
16-08-2018 16:35:29.053 [main] INFO  o.s.w.s.m.m.a.RequestMappingHandlerMapping.register - Mapped "{[/error]}" onto public org.springframework.http.ResponseEntity<java.util.Map<java.lang.String, java.lang.Object>> org.springframework.boot.autoconfigure.web.servlet.error.BasicErrorController.error(javax.servlet.http.HttpServletRequest)
16-08-2018 16:35:29.054 [main] INFO  o.s.w.s.m.m.a.RequestMappingHandlerMapping.register - Mapped "{[/error],produces=[text/html]}" onto public org.springframework.web.servlet.ModelAndView org.springframework.boot.autoconfigure.web.servlet.error.BasicErrorController.errorHtml(javax.servlet.http.HttpServletRequest,javax.servlet.http.HttpServletResponse)
16-08-2018 16:35:29.082 [main] INFO  o.s.w.s.h.SimpleUrlHandlerMapping.registerHandler - Mapped URL path [/webjars/**] onto handler of type [class org.springframework.web.servlet.resource.ResourceHttpRequestHandler]
16-08-2018 16:35:29.082 [main] INFO  o.s.w.s.h.SimpleUrlHandlerMapping.registerHandler - Mapped URL path [/**] onto handler of type [class org.springframework.web.servlet.resource.ResourceHttpRequestHandler]
16-08-2018 16:35:29.556 [main] INFO  c.c.b.BookingServiceTest.logStarted - Started BookingServiceTest in 2.84 seconds (JVM running for 3.951)
16-08-2018 16:35:29.961 [main] INFO  BookingServiceImpl.class.getAllDiningDetails - BookingServiceImpl: Executing getAllDiningDetails method.
16-08-2018 16:35:29.969 [main] INFO  BookingServiceImpl.class.updateBookedDining - BookingServiceImpl: Executing updateBookedDining method.
16-08-2018 16:35:29.973 [main] INFO  BookingServiceImpl.class.updateBookResort - BookingServiceImpl: Executing updateBookResort method.
16-08-2018 16:35:29.978 [main] INFO  BookingServiceImpl.class.getAllResortDetails - BookingServiceImpl: Executing getAllResortDetails method.
16-08-2018 16:35:29.981 [main] INFO  BookingServiceImpl.class.cancelBookedDining - BookingServiceImpl: Executing cancelBookResort method.
16-08-2018 16:35:29.984 [main] INFO  BookingServiceImpl.class.cancelBookResort - BookingServiceImpl: Executing cancelBookResort method.
16-08-2018 16:35:29.988 [main] INFO  BookingServiceImpl.class.bookDining - BookingServiceImpl: Executing bookDining method.
16-08-2018 16:35:29.991 [main] INFO  BookingServiceImpl.class.bookResort - BookingServiceImpl: Executing bookResort method.
16-08-2018 16:35:29.993 [main] INFO  o.s.b.t.c.SpringBootTestContextBootstrapper.buildDefaultMergedContextConfiguration - Neither @ContextConfiguration nor @ContextHierarchy found for test class [com.cg.bootjdbctemplate.GuestServiceTest], using SpringBootContextLoader
16-08-2018 16:35:29.994 [main] INFO  o.s.t.c.s.AbstractContextLoader.generateDefaultLocations - Could not detect default resource locations for test class [com.cg.bootjdbctemplate.GuestServiceTest]: no resource found for suffixes {-context.xml, Context.groovy}.
16-08-2018 16:35:29.994 [main] INFO  o.s.t.c.s.AnnotationConfigContextLoaderUtils.detectDefaultConfigurationClasses - Could not detect default configuration classes for test class [com.cg.bootjdbctemplate.GuestServiceTest]: GuestServiceTest does not declare any static, non-private, non-final, nested classes annotated with @Configuration.
16-08-2018 16:35:29.996 [main] INFO  o.s.b.t.c.SpringBootTestContextBootstrapper.getOrFindConfigurationClasses - Found @SpringBootConfiguration com.cg.MyApplication for test class com.cg.bootjdbctemplate.GuestServiceTest
16-08-2018 16:35:29.998 [main] INFO  o.s.b.t.c.SpringBootTestContextBootstrapper.getDefaultTestExecutionListenerClassNames - Loaded default TestExecutionListener class names from location [META-INF/spring.factories]: [org.springframework.boot.test.mock.mockito.MockitoTestExecutionListener, org.springframework.boot.test.mock.mockito.ResetMocksTestExecutionListener, org.springframework.boot.test.autoconfigure.restdocs.RestDocsTestExecutionListener, org.springframework.boot.test.autoconfigure.web.client.MockRestServiceServerResetTestExecutionListener, org.springframework.boot.test.autoconfigure.web.servlet.MockMvcPrintOnlyOnFailureTestExecutionListener, org.springframework.boot.test.autoconfigure.web.servlet.WebDriverTestExecutionListener, org.springframework.test.context.web.ServletTestExecutionListener, org.springframework.test.context.support.DirtiesContextBeforeModesTestExecutionListener, org.springframework.test.context.support.DependencyInjectionTestExecutionListener, org.springframework.test.context.support.DirtiesContextTestExecutionListener, org.springframework.test.context.transaction.TransactionalTestExecutionListener, org.springframework.test.context.jdbc.SqlScriptsTestExecutionListener]
16-08-2018 16:35:29.999 [main] INFO  o.s.b.t.c.SpringBootTestContextBootstrapper.getTestExecutionListeners - Using TestExecutionListeners: [org.springframework.test.context.web.ServletTestExecutionListener@587a1cfb, org.springframework.test.context.support.DirtiesContextBeforeModesTestExecutionListener@48528634, org.springframework.boot.test.mock.mockito.MockitoTestExecutionListener@5e1d03d7, org.springframework.boot.test.autoconfigure.SpringBootDependencyInjectionTestExecutionListener@4047d2d9, org.springframework.test.context.support.DirtiesContextTestExecutionListener@48d293ee, org.springframework.test.context.transaction.TransactionalTestExecutionListener@146dcfe6, org.springframework.test.context.jdbc.SqlScriptsTestExecutionListener@22587507, org.springframework.boot.test.mock.mockito.ResetMocksTestExecutionListener@5c77ba8f, org.springframework.boot.test.autoconfigure.restdocs.RestDocsTestExecutionListener@660f0c, org.springframework.boot.test.autoconfigure.web.client.MockRestServiceServerResetTestExecutionListener@7a0ef219, org.springframework.boot.test.autoconfigure.web.servlet.MockMvcPrintOnlyOnFailureTestExecutionListener@1b1f5012, org.springframework.boot.test.autoconfigure.web.servlet.WebDriverTestExecutionListener@7add323c]
16-08-2018 16:35:30.018 [main] INFO  com.zaxxer.hikari.HikariDataSource.getConnection - HikariPool-1 - Starting...
16-08-2018 16:35:30.301 [main] INFO  com.zaxxer.hikari.HikariDataSource.getConnection - HikariPool-1 - Start completed.
16-08-2018 16:35:30.321 [main] INFO  com.cg.service.GuestServiceImpl.registerGuest - GuestServiceImpl: Executing registerGuest method.
16-08-2018 16:35:30.327 [main] INFO  com.cg.dao.GuestDAOImpl.registerGuest - GuestDAOImpl:	Executing Guest Registering .
16-08-2018 16:35:30.467 [main] INFO  o.s.b.f.xml.XmlBeanDefinitionReader.loadBeanDefinitions - Loading XML bean definitions from class path resource [org/springframework/jdbc/support/sql-error-codes.xml]
16-08-2018 16:35:30.516 [main] INFO  o.s.j.support.SQLErrorCodesFactory.<init> - SQLErrorCodes loaded: [DB2, Derby, H2, HDB, HSQL, Informix, MS-SQL, MySQL, Oracle, PostgreSQL, Sybase]
16-08-2018 16:35:30.518 [main] WARN  com.cg.dao.GuestDAOImpl.registerGuest - GuestDAOImpl:Registration Failed. Duplicate email.
16-08-2018 16:35:30.942 [main] INFO  com.cg.service.GuestServiceImpl.validateGuest - GuestServiceImpl: Executing validateGuest method.
16-08-2018 16:35:30.943 [main] INFO  com.cg.dao.GuestDAOImpl.validateGuest - GuestDAOImpl:	validating guest with provided email and password
16-08-2018 16:35:30.956 [main] INFO  com.cg.dao.GuestDAOImpl.validateGuest - GuestDAOImpl: Guest with provided email and password is found
16-08-2018 16:35:30.971 [Thread-2] INFO  o.s.w.c.s.GenericWebApplicationContext.doClose - Closing org.springframework.web.context.support.GenericWebApplicationContext@3aa078fd: startup date [Thu Aug 16 16:35:27 IST 2018]; root of context hierarchy
16-08-2018 16:35:30.974 [Thread-2] INFO  com.zaxxer.hikari.HikariDataSource.close - HikariPool-1 - Shutdown initiated...
16-08-2018 16:35:30.982 [Thread-2] INFO  com.zaxxer.hikari.HikariDataSource.close - HikariPool-1 - Shutdown completed.
16-08-2018 16:35:59.957 [main] INFO  c.c.b.GuestServiceTest.logStarting - Starting GuestServiceTest on DIN34002994 with PID 10188 (started by sogour in C:\Users\sogour\Documents\workspace-sts-3.9.4.RELEASE\myApp)
16-08-2018 16:35:59.959 [main] INFO  c.c.b.GuestServiceTest.logStartupProfileInfo - No active profile set, falling back to default profiles: default
16-08-2018 16:35:59.997 [main] INFO  o.s.w.c.s.GenericWebApplicationContext.prepareRefresh - Refreshing org.springframework.web.context.support.GenericWebApplicationContext@75d3a5e0: startup date [Thu Aug 16 16:35:59 IST 2018]; root of context hierarchy
16-08-2018 16:36:01.464 [main] INFO  o.s.w.s.h.SimpleUrlHandlerMapping.registerHandler - Mapped URL path [/**/favicon.ico] onto handler of type [class org.springframework.web.servlet.resource.ResourceHttpRequestHandler]
16-08-2018 16:36:01.636 [main] INFO  o.s.w.s.m.m.a.RequestMappingHandlerAdapter.initControllerAdviceCache - Looking for @ControllerAdvice: org.springframework.web.context.support.GenericWebApplicationContext@75d3a5e0: startup date [Thu Aug 16 16:35:59 IST 2018]; root of context hierarchy
16-08-2018 16:36:01.707 [main] INFO  o.s.w.s.m.m.a.RequestMappingHandlerMapping.register - Mapped "{[/booking/update/dining/{diningBookingId}],methods=[PUT]}" onto public org.springframework.http.ResponseEntity<java.lang.Object> com.cg.restcontroller.BookingController.updateBookedDining(com.cg.entities.Dining,long)
16-08-2018 16:36:01.709 [main] INFO  o.s.w.s.m.m.a.RequestMappingHandlerMapping.register - Mapped "{[/booking/cancel/dining/{diningBookingId}],methods=[PUT]}" onto public org.springframework.http.ResponseEntity<java.lang.Object> com.cg.restcontroller.BookingController.cancelBookedDining(long)
16-08-2018 16:36:01.710 [main] INFO  o.s.w.s.m.m.a.RequestMappingHandlerMapping.register - Mapped "{[/booking/resort/{guestID}],methods=[POST]}" onto public org.springframework.http.ResponseEntity<java.lang.Object> com.cg.restcontroller.BookingController.bookResort(com.cg.entities.Resort,long)
16-08-2018 16:36:01.710 [main] INFO  o.s.w.s.m.m.a.RequestMappingHandlerMapping.register - Mapped "{[/booking/update/resort/{resortBookingId}],methods=[PUT]}" onto public org.springframework.http.ResponseEntity<java.lang.Object> com.cg.restcontroller.BookingController.updateBookResort(com.cg.entities.Resort,long)
16-08-2018 16:36:01.711 [main] INFO  o.s.w.s.m.m.a.RequestMappingHandlerMapping.register - Mapped "{[/booking/cancel/resort/{resortBookingId}],methods=[PUT]}" onto public org.springframework.http.ResponseEntity<java.lang.Object> com.cg.restcontroller.BookingController.cancelBookResort(long)
16-08-2018 16:36:01.711 [main] INFO  o.s.w.s.m.m.a.RequestMappingHandlerMapping.register - Mapped "{[/booking/dining/{guestID}],methods=[POST]}" onto public org.springframework.http.ResponseEntity<java.lang.Object> com.cg.restcontroller.BookingController.bookDining(com.cg.entities.Dining,long)
16-08-2018 16:36:01.714 [main] INFO  o.s.w.s.m.m.a.RequestMappingHandlerMapping.register - Mapped "{[/guest/register],methods=[POST]}" onto public org.springframework.http.ResponseEntity<java.lang.Object> com.cg.restcontroller.GuestController.registerGuest(com.cg.entities.Guest)
16-08-2018 16:36:01.716 [main] INFO  o.s.w.s.m.m.a.RequestMappingHandlerMapping.register - Mapped "{[/guest/update/{guestID}],methods=[PUT]}" onto public org.springframework.http.ResponseEntity<java.lang.Object> com.cg.restcontroller.GuestController.updateGuest(com.cg.entities.Guest,long)
16-08-2018 16:36:01.717 [main] INFO  o.s.w.s.m.m.a.RequestMappingHandlerMapping.register - Mapped "{[/guest/login],methods=[POST]}" onto public org.springframework.http.ResponseEntity<java.lang.Object> com.cg.restcontroller.GuestController.loginGuest(com.cg.entities.Guest)
16-08-2018 16:36:01.718 [main] INFO  o.s.w.s.m.m.a.RequestMappingHandlerMapping.register - Mapped "{[/guest/view/{guestID}],methods=[GET]}" onto public java.util.List<java.lang.Object> com.cg.restcontroller.GuestController.viewItenarary(long)
16-08-2018 16:36:01.720 [main] INFO  o.s.w.s.m.m.a.RequestMappingHandlerMapping.register - Mapped "{[/error]}" onto public org.springframework.http.ResponseEntity<java.util.Map<java.lang.String, java.lang.Object>> org.springframework.boot.autoconfigure.web.servlet.error.BasicErrorController.error(javax.servlet.http.HttpServletRequest)
16-08-2018 16:36:01.722 [main] INFO  o.s.w.s.m.m.a.RequestMappingHandlerMapping.register - Mapped "{[/error],produces=[text/html]}" onto public org.springframework.web.servlet.ModelAndView org.springframework.boot.autoconfigure.web.servlet.error.BasicErrorController.errorHtml(javax.servlet.http.HttpServletRequest,javax.servlet.http.HttpServletResponse)
16-08-2018 16:36:01.749 [main] INFO  o.s.w.s.h.SimpleUrlHandlerMapping.registerHandler - Mapped URL path [/webjars/**] onto handler of type [class org.springframework.web.servlet.resource.ResourceHttpRequestHandler]
16-08-2018 16:36:01.750 [main] INFO  o.s.w.s.h.SimpleUrlHandlerMapping.registerHandler - Mapped URL path [/**] onto handler of type [class org.springframework.web.servlet.resource.ResourceHttpRequestHandler]
16-08-2018 16:36:02.056 [main] INFO  c.c.b.GuestServiceTest.logStarted - Started GuestServiceTest in 2.371 seconds (JVM running for 3.449)
16-08-2018 16:36:02.272 [main] INFO  com.zaxxer.hikari.HikariDataSource.getConnection - HikariPool-1 - Starting...
16-08-2018 16:36:02.482 [main] INFO  com.zaxxer.hikari.HikariDataSource.getConnection - HikariPool-1 - Start completed.
16-08-2018 16:36:02.492 [main] INFO  com.cg.service.GuestServiceImpl.registerGuest - GuestServiceImpl: Executing registerGuest method.
16-08-2018 16:36:02.497 [main] INFO  com.cg.dao.GuestDAOImpl.registerGuest - GuestDAOImpl:	Executing Guest Registering .
16-08-2018 16:36:02.599 [main] INFO  o.s.b.f.xml.XmlBeanDefinitionReader.loadBeanDefinitions - Loading XML bean definitions from class path resource [org/springframework/jdbc/support/sql-error-codes.xml]
16-08-2018 16:36:02.675 [main] INFO  o.s.j.support.SQLErrorCodesFactory.<init> - SQLErrorCodes loaded: [DB2, Derby, H2, HDB, HSQL, Informix, MS-SQL, MySQL, Oracle, PostgreSQL, Sybase]
16-08-2018 16:36:02.677 [main] WARN  com.cg.dao.GuestDAOImpl.registerGuest - GuestDAOImpl:Registration Failed. Duplicate email.
16-08-2018 16:36:02.799 [Thread-2] INFO  o.s.w.c.s.GenericWebApplicationContext.doClose - Closing org.springframework.web.context.support.GenericWebApplicationContext@75d3a5e0: startup date [Thu Aug 16 16:35:59 IST 2018]; root of context hierarchy
16-08-2018 16:36:02.802 [Thread-2] INFO  com.zaxxer.hikari.HikariDataSource.close - HikariPool-1 - Shutdown initiated...
16-08-2018 16:36:02.814 [Thread-2] INFO  com.zaxxer.hikari.HikariDataSource.close - HikariPool-1 - Shutdown completed.
16-08-2018 16:39:14.662 [main] INFO  c.c.b.GuestServiceTest.logStarting - Starting GuestServiceTest on DIN34002994 with PID 6044 (started by sogour in C:\Users\sogour\Documents\workspace-sts-3.9.4.RELEASE\myApp)
16-08-2018 16:39:14.664 [main] INFO  c.c.b.GuestServiceTest.logStartupProfileInfo - No active profile set, falling back to default profiles: default
16-08-2018 16:39:14.690 [main] INFO  o.s.w.c.s.GenericWebApplicationContext.prepareRefresh - Refreshing org.springframework.web.context.support.GenericWebApplicationContext@6caf0677: startup date [Thu Aug 16 16:39:14 IST 2018]; root of context hierarchy
16-08-2018 16:39:16.368 [main] INFO  o.s.w.s.h.SimpleUrlHandlerMapping.registerHandler - Mapped URL path [/**/favicon.ico] onto handler of type [class org.springframework.web.servlet.resource.ResourceHttpRequestHandler]
16-08-2018 16:39:16.576 [main] INFO  o.s.w.s.m.m.a.RequestMappingHandlerAdapter.initControllerAdviceCache - Looking for @ControllerAdvice: org.springframework.web.context.support.GenericWebApplicationContext@6caf0677: startup date [Thu Aug 16 16:39:14 IST 2018]; root of context hierarchy
16-08-2018 16:39:16.647 [main] INFO  o.s.w.s.m.m.a.RequestMappingHandlerMapping.register - Mapped "{[/booking/update/dining/{diningBookingId}],methods=[PUT]}" onto public org.springframework.http.ResponseEntity<java.lang.Object> com.cg.restcontroller.BookingController.updateBookedDining(com.cg.entities.Dining,long)
16-08-2018 16:39:16.655 [main] INFO  o.s.w.s.m.m.a.RequestMappingHandlerMapping.register - Mapped "{[/booking/cancel/dining/{diningBookingId}],methods=[PUT]}" onto public org.springframework.http.ResponseEntity<java.lang.Object> com.cg.restcontroller.BookingController.cancelBookedDining(long)
16-08-2018 16:39:16.656 [main] INFO  o.s.w.s.m.m.a.RequestMappingHandlerMapping.register - Mapped "{[/booking/resort/{guestID}],methods=[POST]}" onto public org.springframework.http.ResponseEntity<java.lang.Object> com.cg.restcontroller.BookingController.bookResort(com.cg.entities.Resort,long)
16-08-2018 16:39:16.657 [main] INFO  o.s.w.s.m.m.a.RequestMappingHandlerMapping.register - Mapped "{[/booking/update/resort/{resortBookingId}],methods=[PUT]}" onto public org.springframework.http.ResponseEntity<java.lang.Object> com.cg.restcontroller.BookingController.updateBookResort(com.cg.entities.Resort,long)
16-08-2018 16:39:16.657 [main] INFO  o.s.w.s.m.m.a.RequestMappingHandlerMapping.register - Mapped "{[/booking/cancel/resort/{resortBookingId}],methods=[PUT]}" onto public org.springframework.http.ResponseEntity<java.lang.Object> com.cg.restcontroller.BookingController.cancelBookResort(long)
16-08-2018 16:39:16.658 [main] INFO  o.s.w.s.m.m.a.RequestMappingHandlerMapping.register - Mapped "{[/booking/dining/{guestID}],methods=[POST]}" onto public org.springframework.http.ResponseEntity<java.lang.Object> com.cg.restcontroller.BookingController.bookDining(com.cg.entities.Dining,long)
16-08-2018 16:39:16.661 [main] INFO  o.s.w.s.m.m.a.RequestMappingHandlerMapping.register - Mapped "{[/guest/register],methods=[POST]}" onto public org.springframework.http.ResponseEntity<java.lang.Object> com.cg.restcontroller.GuestController.registerGuest(com.cg.entities.Guest)
16-08-2018 16:39:16.662 [main] INFO  o.s.w.s.m.m.a.RequestMappingHandlerMapping.register - Mapped "{[/guest/update/{guestID}],methods=[PUT]}" onto public org.springframework.http.ResponseEntity<java.lang.Object> com.cg.restcontroller.GuestController.updateGuest(com.cg.entities.Guest,long)
16-08-2018 16:39:16.663 [main] INFO  o.s.w.s.m.m.a.RequestMappingHandlerMapping.register - Mapped "{[/guest/login],methods=[POST]}" onto public org.springframework.http.ResponseEntity<java.lang.Object> com.cg.restcontroller.GuestController.loginGuest(com.cg.entities.Guest)
16-08-2018 16:39:16.663 [main] INFO  o.s.w.s.m.m.a.RequestMappingHandlerMapping.register - Mapped "{[/guest/view/{guestID}],methods=[GET]}" onto public java.util.List<java.lang.Object> com.cg.restcontroller.GuestController.viewItenarary(long)
16-08-2018 16:39:16.666 [main] INFO  o.s.w.s.m.m.a.RequestMappingHandlerMapping.register - Mapped "{[/error]}" onto public org.springframework.http.ResponseEntity<java.util.Map<java.lang.String, java.lang.Object>> org.springframework.boot.autoconfigure.web.servlet.error.BasicErrorController.error(javax.servlet.http.HttpServletRequest)
16-08-2018 16:39:16.667 [main] INFO  o.s.w.s.m.m.a.RequestMappingHandlerMapping.register - Mapped "{[/error],produces=[text/html]}" onto public org.springframework.web.servlet.ModelAndView org.springframework.boot.autoconfigure.web.servlet.error.BasicErrorController.errorHtml(javax.servlet.http.HttpServletRequest,javax.servlet.http.HttpServletResponse)
16-08-2018 16:39:16.694 [main] INFO  o.s.w.s.h.SimpleUrlHandlerMapping.registerHandler - Mapped URL path [/webjars/**] onto handler of type [class org.springframework.web.servlet.resource.ResourceHttpRequestHandler]
16-08-2018 16:39:16.694 [main] INFO  o.s.w.s.h.SimpleUrlHandlerMapping.registerHandler - Mapped URL path [/**] onto handler of type [class org.springframework.web.servlet.resource.ResourceHttpRequestHandler]
16-08-2018 16:39:17.021 [main] INFO  c.c.b.GuestServiceTest.logStarted - Started GuestServiceTest in 2.693 seconds (JVM running for 3.892)
16-08-2018 16:39:17.471 [main] INFO  com.cg.service.GuestServiceImpl.registerGuest - GuestServiceImpl: Executing registerGuest method.
16-08-2018 16:39:17.482 [Thread-2] INFO  o.s.w.c.s.GenericWebApplicationContext.doClose - Closing org.springframework.web.context.support.GenericWebApplicationContext@6caf0677: startup date [Thu Aug 16 16:39:14 IST 2018]; root of context hierarchy
16-08-2018 16:39:38.551 [main] INFO  c.c.b.GuestServiceTest.logStarting - Starting GuestServiceTest on DIN34002994 with PID 8832 (started by sogour in C:\Users\sogour\Documents\workspace-sts-3.9.4.RELEASE\myApp)
16-08-2018 16:39:38.553 [main] INFO  c.c.b.GuestServiceTest.logStartupProfileInfo - No active profile set, falling back to default profiles: default
16-08-2018 16:39:38.591 [main] INFO  o.s.w.c.s.GenericWebApplicationContext.prepareRefresh - Refreshing org.springframework.web.context.support.GenericWebApplicationContext@6caf0677: startup date [Thu Aug 16 16:39:38 IST 2018]; root of context hierarchy
16-08-2018 16:39:40.201 [main] INFO  o.s.w.s.h.SimpleUrlHandlerMapping.registerHandler - Mapped URL path [/**/favicon.ico] onto handler of type [class org.springframework.web.servlet.resource.ResourceHttpRequestHandler]
16-08-2018 16:39:40.382 [main] INFO  o.s.w.s.m.m.a.RequestMappingHandlerAdapter.initControllerAdviceCache - Looking for @ControllerAdvice: org.springframework.web.context.support.GenericWebApplicationContext@6caf0677: startup date [Thu Aug 16 16:39:38 IST 2018]; root of context hierarchy
16-08-2018 16:39:40.451 [main] INFO  o.s.w.s.m.m.a.RequestMappingHandlerMapping.register - Mapped "{[/booking/update/dining/{diningBookingId}],methods=[PUT]}" onto public org.springframework.http.ResponseEntity<java.lang.Object> com.cg.restcontroller.BookingController.updateBookedDining(com.cg.entities.Dining,long)
16-08-2018 16:39:40.453 [main] INFO  o.s.w.s.m.m.a.RequestMappingHandlerMapping.register - Mapped "{[/booking/cancel/dining/{diningBookingId}],methods=[PUT]}" onto public org.springframework.http.ResponseEntity<java.lang.Object> com.cg.restcontroller.BookingController.cancelBookedDining(long)
16-08-2018 16:39:40.454 [main] INFO  o.s.w.s.m.m.a.RequestMappingHandlerMapping.register - Mapped "{[/booking/resort/{guestID}],methods=[POST]}" onto public org.springframework.http.ResponseEntity<java.lang.Object> com.cg.restcontroller.BookingController.bookResort(com.cg.entities.Resort,long)
16-08-2018 16:39:40.455 [main] INFO  o.s.w.s.m.m.a.RequestMappingHandlerMapping.register - Mapped "{[/booking/update/resort/{resortBookingId}],methods=[PUT]}" onto public org.springframework.http.ResponseEntity<java.lang.Object> com.cg.restcontroller.BookingController.updateBookResort(com.cg.entities.Resort,long)
16-08-2018 16:39:40.456 [main] INFO  o.s.w.s.m.m.a.RequestMappingHandlerMapping.register - Mapped "{[/booking/cancel/resort/{resortBookingId}],methods=[PUT]}" onto public org.springframework.http.ResponseEntity<java.lang.Object> com.cg.restcontroller.BookingController.cancelBookResort(long)
16-08-2018 16:39:40.456 [main] INFO  o.s.w.s.m.m.a.RequestMappingHandlerMapping.register - Mapped "{[/booking/dining/{guestID}],methods=[POST]}" onto public org.springframework.http.ResponseEntity<java.lang.Object> com.cg.restcontroller.BookingController.bookDining(com.cg.entities.Dining,long)
16-08-2018 16:39:40.460 [main] INFO  o.s.w.s.m.m.a.RequestMappingHandlerMapping.register - Mapped "{[/guest/register],methods=[POST]}" onto public org.springframework.http.ResponseEntity<java.lang.Object> com.cg.restcontroller.GuestController.registerGuest(com.cg.entities.Guest)
16-08-2018 16:39:40.461 [main] INFO  o.s.w.s.m.m.a.RequestMappingHandlerMapping.register - Mapped "{[/guest/update/{guestID}],methods=[PUT]}" onto public org.springframework.http.ResponseEntity<java.lang.Object> com.cg.restcontroller.GuestController.updateGuest(com.cg.entities.Guest,long)
16-08-2018 16:39:40.462 [main] INFO  o.s.w.s.m.m.a.RequestMappingHandlerMapping.register - Mapped "{[/guest/login],methods=[POST]}" onto public org.springframework.http.ResponseEntity<java.lang.Object> com.cg.restcontroller.GuestController.loginGuest(com.cg.entities.Guest)
16-08-2018 16:39:40.462 [main] INFO  o.s.w.s.m.m.a.RequestMappingHandlerMapping.register - Mapped "{[/guest/view/{guestID}],methods=[GET]}" onto public java.util.List<java.lang.Object> com.cg.restcontroller.GuestController.viewItenarary(long)
16-08-2018 16:39:40.464 [main] INFO  o.s.w.s.m.m.a.RequestMappingHandlerMapping.register - Mapped "{[/error]}" onto public org.springframework.http.ResponseEntity<java.util.Map<java.lang.String, java.lang.Object>> org.springframework.boot.autoconfigure.web.servlet.error.BasicErrorController.error(javax.servlet.http.HttpServletRequest)
16-08-2018 16:39:40.466 [main] INFO  o.s.w.s.m.m.a.RequestMappingHandlerMapping.register - Mapped "{[/error],produces=[text/html]}" onto public org.springframework.web.servlet.ModelAndView org.springframework.boot.autoconfigure.web.servlet.error.BasicErrorController.errorHtml(javax.servlet.http.HttpServletRequest,javax.servlet.http.HttpServletResponse)
16-08-2018 16:39:40.494 [main] INFO  o.s.w.s.h.SimpleUrlHandlerMapping.registerHandler - Mapped URL path [/webjars/**] onto handler of type [class org.springframework.web.servlet.resource.ResourceHttpRequestHandler]
16-08-2018 16:39:40.494 [main] INFO  o.s.w.s.h.SimpleUrlHandlerMapping.registerHandler - Mapped URL path [/**] onto handler of type [class org.springframework.web.servlet.resource.ResourceHttpRequestHandler]
16-08-2018 16:39:40.807 [main] INFO  c.c.b.GuestServiceTest.logStarted - Started GuestServiceTest in 2.54 seconds (JVM running for 3.608)
16-08-2018 16:39:41.227 [main] INFO  com.cg.service.GuestServiceImpl.validateGuest - GuestServiceImpl: Executing validateGuest method.
16-08-2018 16:39:41.241 [Thread-2] INFO  o.s.w.c.s.GenericWebApplicationContext.doClose - Closing org.springframework.web.context.support.GenericWebApplicationContext@6caf0677: startup date [Thu Aug 16 16:39:38 IST 2018]; root of context hierarchy
16-08-2018 16:48:14.657 [main] INFO  c.c.b.GuestServiceTest.logStarting - Starting GuestServiceTest on DIN34002994 with PID 8332 (started by sogour in C:\Users\sogour\Documents\workspace-sts-3.9.4.RELEASE\myApp)
16-08-2018 16:48:14.659 [main] INFO  c.c.b.GuestServiceTest.logStartupProfileInfo - No active profile set, falling back to default profiles: default
16-08-2018 16:48:14.694 [main] INFO  o.s.w.c.s.GenericWebApplicationContext.prepareRefresh - Refreshing org.springframework.web.context.support.GenericWebApplicationContext@413d1baf: startup date [Thu Aug 16 16:48:14 IST 2018]; root of context hierarchy
16-08-2018 16:48:16.320 [main] INFO  o.s.w.s.h.SimpleUrlHandlerMapping.registerHandler - Mapped URL path [/**/favicon.ico] onto handler of type [class org.springframework.web.servlet.resource.ResourceHttpRequestHandler]
16-08-2018 16:48:16.487 [main] INFO  o.s.w.s.m.m.a.RequestMappingHandlerAdapter.initControllerAdviceCache - Looking for @ControllerAdvice: org.springframework.web.context.support.GenericWebApplicationContext@413d1baf: startup date [Thu Aug 16 16:48:14 IST 2018]; root of context hierarchy
16-08-2018 16:48:16.560 [main] INFO  o.s.w.s.m.m.a.RequestMappingHandlerMapping.register - Mapped "{[/booking/update/dining/{diningBookingId}],methods=[PUT]}" onto public org.springframework.http.ResponseEntity<java.lang.Object> com.cg.restcontroller.BookingController.updateBookedDining(com.cg.entities.Dining,long)
16-08-2018 16:48:16.562 [main] INFO  o.s.w.s.m.m.a.RequestMappingHandlerMapping.register - Mapped "{[/booking/cancel/dining/{diningBookingId}],methods=[PUT]}" onto public org.springframework.http.ResponseEntity<java.lang.Object> com.cg.restcontroller.BookingController.cancelBookedDining(long)
16-08-2018 16:48:16.563 [main] INFO  o.s.w.s.m.m.a.RequestMappingHandlerMapping.register - Mapped "{[/booking/resort/{guestID}],methods=[POST]}" onto public org.springframework.http.ResponseEntity<java.lang.Object> com.cg.restcontroller.BookingController.bookResort(com.cg.entities.Resort,long)
16-08-2018 16:48:16.564 [main] INFO  o.s.w.s.m.m.a.RequestMappingHandlerMapping.register - Mapped "{[/booking/update/resort/{resortBookingId}],methods=[PUT]}" onto public org.springframework.http.ResponseEntity<java.lang.Object> com.cg.restcontroller.BookingController.updateBookResort(com.cg.entities.Resort,long)
16-08-2018 16:48:16.565 [main] INFO  o.s.w.s.m.m.a.RequestMappingHandlerMapping.register - Mapped "{[/booking/cancel/resort/{resortBookingId}],methods=[PUT]}" onto public org.springframework.http.ResponseEntity<java.lang.Object> com.cg.restcontroller.BookingController.cancelBookResort(long)
16-08-2018 16:48:16.566 [main] INFO  o.s.w.s.m.m.a.RequestMappingHandlerMapping.register - Mapped "{[/booking/dining/{guestID}],methods=[POST]}" onto public org.springframework.http.ResponseEntity<java.lang.Object> com.cg.restcontroller.BookingController.bookDining(com.cg.entities.Dining,long)
16-08-2018 16:48:16.568 [main] INFO  o.s.w.s.m.m.a.RequestMappingHandlerMapping.register - Mapped "{[/guest/register],methods=[POST]}" onto public org.springframework.http.ResponseEntity<java.lang.Object> com.cg.restcontroller.GuestController.registerGuest(com.cg.entities.Guest)
16-08-2018 16:48:16.570 [main] INFO  o.s.w.s.m.m.a.RequestMappingHandlerMapping.register - Mapped "{[/guest/update/{guestID}],methods=[PUT]}" onto public org.springframework.http.ResponseEntity<java.lang.Object> com.cg.restcontroller.GuestController.updateGuest(com.cg.entities.Guest,long)
16-08-2018 16:48:16.570 [main] INFO  o.s.w.s.m.m.a.RequestMappingHandlerMapping.register - Mapped "{[/guest/login],methods=[POST]}" onto public org.springframework.http.ResponseEntity<java.lang.Object> com.cg.restcontroller.GuestController.loginGuest(com.cg.entities.Guest)
16-08-2018 16:48:16.571 [main] INFO  o.s.w.s.m.m.a.RequestMappingHandlerMapping.register - Mapped "{[/guest/view/{guestID}],methods=[GET]}" onto public java.util.List<java.lang.Object> com.cg.restcontroller.GuestController.viewItenarary(long)
16-08-2018 16:48:16.573 [main] INFO  o.s.w.s.m.m.a.RequestMappingHandlerMapping.register - Mapped "{[/error]}" onto public org.springframework.http.ResponseEntity<java.util.Map<java.lang.String, java.lang.Object>> org.springframework.boot.autoconfigure.web.servlet.error.BasicErrorController.error(javax.servlet.http.HttpServletRequest)
16-08-2018 16:48:16.574 [main] INFO  o.s.w.s.m.m.a.RequestMappingHandlerMapping.register - Mapped "{[/error],produces=[text/html]}" onto public org.springframework.web.servlet.ModelAndView org.springframework.boot.autoconfigure.web.servlet.error.BasicErrorController.errorHtml(javax.servlet.http.HttpServletRequest,javax.servlet.http.HttpServletResponse)
16-08-2018 16:48:16.602 [main] INFO  o.s.w.s.h.SimpleUrlHandlerMapping.registerHandler - Mapped URL path [/webjars/**] onto handler of type [class org.springframework.web.servlet.resource.ResourceHttpRequestHandler]
16-08-2018 16:48:16.603 [main] INFO  o.s.w.s.h.SimpleUrlHandlerMapping.registerHandler - Mapped URL path [/**] onto handler of type [class org.springframework.web.servlet.resource.ResourceHttpRequestHandler]
16-08-2018 16:48:16.927 [main] INFO  c.c.b.GuestServiceTest.logStarted - Started GuestServiceTest in 2.551 seconds (JVM running for 3.638)
16-08-2018 16:48:17.392 [main] INFO  com.cg.service.GuestServiceImpl.updateGuest - GuestServiceImpl: Executing updateGuest method.
16-08-2018 16:48:17.401 [Thread-2] INFO  o.s.w.c.s.GenericWebApplicationContext.doClose - Closing org.springframework.web.context.support.GenericWebApplicationContext@413d1baf: startup date [Thu Aug 16 16:48:14 IST 2018]; root of context hierarchy
16-08-2018 19:19:05.892 [main] INFO  com.cg.MyApplication.logStarting - Starting MyApplication on DIN34002994 with PID 5344 (C:\Users\sogour\Documents\workspace-sts-3.9.4.RELEASE\myApp\target\classes started by sogour in C:\Users\sogour\Documents\workspace-sts-3.9.4.RELEASE\myApp)
16-08-2018 19:19:05.895 [main] INFO  com.cg.MyApplication.logStartupProfileInfo - No active profile set, falling back to default profiles: default
16-08-2018 19:19:05.959 [main] INFO  o.s.b.w.s.c.AnnotationConfigServletWebServerApplicationContext.prepareRefresh - Refreshing org.springframework.boot.web.servlet.context.AnnotationConfigServletWebServerApplicationContext@161479c6: startup date [Thu Aug 16 19:19:05 IST 2018]; root of context hierarchy
16-08-2018 19:19:07.214 [main] INFO  o.s.b.w.e.tomcat.TomcatWebServer.initialize - Tomcat initialized with port(s): 8080 (http)
16-08-2018 19:19:07.241 [main] INFO  o.a.catalina.core.StandardService.log - Starting service [Tomcat]
16-08-2018 19:19:07.242 [main] INFO  o.a.catalina.core.StandardEngine.log - Starting Servlet Engine: Apache Tomcat/8.5.31
16-08-2018 19:19:07.253 [localhost-startStop-1] INFO  o.a.c.core.AprLifecycleListener.log - The APR based Apache Tomcat Native library which allows optimal performance in production environments was not found on the java.library.path: [C:\Program Files\Java\jdk1.8.0_172\bin;C:\WINDOWS\Sun\Java\bin;C:\WINDOWS\system32;C:\WINDOWS;C:/Program Files/Java/jdk1.8.0_172/bin/../jre/bin/server;C:/Program Files/Java/jdk1.8.0_172/bin/../jre/bin;C:/Program Files/Java/jdk1.8.0_172/bin/../jre/lib/amd64;C:\Users\sogour\AppData\Roaming\npm;C:\Program Files\Java\jdk1.8.0_172\bin;C:\Program Files\nodejs;D:\softwares\spring-tool-suite-3.9.4.RELEASE-e4.7.3a-win32-x86_64\sts-bundle\sts-3.9.4.RELEASE;;.]
16-08-2018 19:19:07.343 [localhost-startStop-1] INFO  o.a.c.c.C.[Tomcat].[localhost].[/].log - Initializing Spring embedded WebApplicationContext
16-08-2018 19:19:07.343 [localhost-startStop-1] INFO  o.s.web.context.ContextLoader.prepareWebApplicationContext - Root WebApplicationContext: initialization completed in 1384 ms
16-08-2018 19:19:07.469 [localhost-startStop-1] INFO  o.s.b.w.s.ServletRegistrationBean.addRegistration - Servlet dispatcherServlet mapped to [/]
16-08-2018 19:19:07.473 [localhost-startStop-1] INFO  o.s.b.w.s.FilterRegistrationBean.configure - Mapping filter: 'characterEncodingFilter' to: [/*]
16-08-2018 19:19:07.473 [localhost-startStop-1] INFO  o.s.b.w.s.FilterRegistrationBean.configure - Mapping filter: 'hiddenHttpMethodFilter' to: [/*]
16-08-2018 19:19:07.473 [localhost-startStop-1] INFO  o.s.b.w.s.FilterRegistrationBean.configure - Mapping filter: 'httpPutFormContentFilter' to: [/*]
16-08-2018 19:19:07.474 [localhost-startStop-1] INFO  o.s.b.w.s.FilterRegistrationBean.configure - Mapping filter: 'requestContextFilter' to: [/*]
16-08-2018 19:19:07.735 [main] INFO  o.s.w.s.h.SimpleUrlHandlerMapping.registerHandler - Mapped URL path [/**/favicon.ico] onto handler of type [class org.springframework.web.servlet.resource.ResourceHttpRequestHandler]
16-08-2018 19:19:07.902 [main] INFO  o.s.w.s.m.m.a.RequestMappingHandlerAdapter.initControllerAdviceCache - Looking for @ControllerAdvice: org.springframework.boot.web.servlet.context.AnnotationConfigServletWebServerApplicationContext@161479c6: startup date [Thu Aug 16 19:19:05 IST 2018]; root of context hierarchy
16-08-2018 19:19:07.944 [main] INFO  o.s.w.s.m.m.a.RequestMappingHandlerMapping.register - Mapped "{[/booking/update/dining/{diningBookingId}],methods=[PUT]}" onto public org.springframework.http.ResponseEntity<java.lang.Object> com.cg.restcontroller.BookingController.updateBookedDining(com.cg.entities.Dining,long)
16-08-2018 19:19:07.946 [main] INFO  o.s.w.s.m.m.a.RequestMappingHandlerMapping.register - Mapped "{[/booking/cancel/dining/{diningBookingId}],methods=[PUT]}" onto public org.springframework.http.ResponseEntity<java.lang.Object> com.cg.restcontroller.BookingController.cancelBookedDining(long)
16-08-2018 19:19:07.946 [main] INFO  o.s.w.s.m.m.a.RequestMappingHandlerMapping.register - Mapped "{[/booking/resort/{guestID}],methods=[POST]}" onto public org.springframework.http.ResponseEntity<java.lang.Object> com.cg.restcontroller.BookingController.bookResort(com.cg.entities.Resort,long)
16-08-2018 19:19:07.947 [main] INFO  o.s.w.s.m.m.a.RequestMappingHandlerMapping.register - Mapped "{[/booking/update/resort/{resortBookingId}],methods=[PUT]}" onto public org.springframework.http.ResponseEntity<java.lang.Object> com.cg.restcontroller.BookingController.updateBookResort(com.cg.entities.Resort,long)
16-08-2018 19:19:07.948 [main] INFO  o.s.w.s.m.m.a.RequestMappingHandlerMapping.register - Mapped "{[/booking/cancel/resort/{resortBookingId}],methods=[PUT]}" onto public org.springframework.http.ResponseEntity<java.lang.Object> com.cg.restcontroller.BookingController.cancelBookResort(long)
16-08-2018 19:19:07.949 [main] INFO  o.s.w.s.m.m.a.RequestMappingHandlerMapping.register - Mapped "{[/booking/dining/{guestID}],methods=[POST]}" onto public org.springframework.http.ResponseEntity<java.lang.Object> com.cg.restcontroller.BookingController.bookDining(com.cg.entities.Dining,long)
16-08-2018 19:19:07.951 [main] INFO  o.s.w.s.m.m.a.RequestMappingHandlerMapping.register - Mapped "{[/guest/register],methods=[POST]}" onto public org.springframework.http.ResponseEntity<java.lang.Object> com.cg.restcontroller.GuestController.registerGuest(com.cg.entities.Guest)
16-08-2018 19:19:07.952 [main] INFO  o.s.w.s.m.m.a.RequestMappingHandlerMapping.register - Mapped "{[/guest/update/{guestID}],methods=[PUT]}" onto public org.springframework.http.ResponseEntity<java.lang.Object> com.cg.restcontroller.GuestController.updateGuest(com.cg.entities.Guest,long)
16-08-2018 19:19:07.952 [main] INFO  o.s.w.s.m.m.a.RequestMappingHandlerMapping.register - Mapped "{[/guest/login],methods=[POST]}" onto public org.springframework.http.ResponseEntity<java.lang.Object> com.cg.restcontroller.GuestController.loginGuest(com.cg.entities.Guest)
16-08-2018 19:19:07.953 [main] INFO  o.s.w.s.m.m.a.RequestMappingHandlerMapping.register - Mapped "{[/guest/view/{guestID}],methods=[GET]}" onto public java.util.List<java.lang.Object> com.cg.restcontroller.GuestController.viewItenarary(long)
16-08-2018 19:19:07.955 [main] INFO  o.s.w.s.m.m.a.RequestMappingHandlerMapping.register - Mapped "{[/error]}" onto public org.springframework.http.ResponseEntity<java.util.Map<java.lang.String, java.lang.Object>> org.springframework.boot.autoconfigure.web.servlet.error.BasicErrorController.error(javax.servlet.http.HttpServletRequest)
16-08-2018 19:19:07.956 [main] INFO  o.s.w.s.m.m.a.RequestMappingHandlerMapping.register - Mapped "{[/error],produces=[text/html]}" onto public org.springframework.web.servlet.ModelAndView org.springframework.boot.autoconfigure.web.servlet.error.BasicErrorController.errorHtml(javax.servlet.http.HttpServletRequest,javax.servlet.http.HttpServletResponse)
16-08-2018 19:19:07.973 [main] INFO  o.s.w.s.h.SimpleUrlHandlerMapping.registerHandler - Mapped URL path [/webjars/**] onto handler of type [class org.springframework.web.servlet.resource.ResourceHttpRequestHandler]
16-08-2018 19:19:07.974 [main] INFO  o.s.w.s.h.SimpleUrlHandlerMapping.registerHandler - Mapped URL path [/**] onto handler of type [class org.springframework.web.servlet.resource.ResourceHttpRequestHandler]
16-08-2018 19:19:08.154 [main] INFO  o.s.j.e.a.AnnotationMBeanExporter.afterSingletonsInstantiated - Registering beans for JMX exposure on startup
16-08-2018 19:19:08.156 [main] INFO  o.s.j.e.a.AnnotationMBeanExporter.autodetect - Bean with name 'dataSource' has been autodetected for JMX exposure
16-08-2018 19:19:08.160 [main] INFO  o.s.j.e.a.AnnotationMBeanExporter.registerBeanInstance - Located MBean 'dataSource': registering with JMX server as MBean [com.zaxxer.hikari:name=dataSource,type=HikariDataSource]
16-08-2018 19:19:08.270 [main] INFO  o.s.b.w.e.tomcat.TomcatWebServer.start - Tomcat started on port(s): 8080 (http) with context path ''
16-08-2018 19:19:08.273 [main] INFO  com.cg.MyApplication.logStarted - Started MyApplication in 2.805 seconds (JVM running for 3.908)
16-08-2018 19:19:08.275 [main] INFO  MyApplication.class.main - My Itinerary Application Started.
16-08-2018 19:36:55.337 [RMI TCP Connection(2)-127.0.0.1] INFO  o.s.b.a.SpringApplicationAdminMXBeanRegistrar$SpringApplicationAdmin.shutdown - Application shutdown requested.
16-08-2018 19:36:55.337 [RMI TCP Connection(2)-127.0.0.1] INFO  o.s.b.w.s.c.AnnotationConfigServletWebServerApplicationContext.doClose - Closing org.springframework.boot.web.servlet.context.AnnotationConfigServletWebServerApplicationContext@161479c6: startup date [Thu Aug 16 19:19:05 IST 2018]; root of context hierarchy
16-08-2018 19:36:55.347 [RMI TCP Connection(2)-127.0.0.1] INFO  o.s.j.e.a.AnnotationMBeanExporter.destroy - Unregistering JMX-exposed beans on shutdown
16-08-2018 19:36:55.348 [RMI TCP Connection(2)-127.0.0.1] INFO  o.s.j.e.a.AnnotationMBeanExporter.unregisterBeans - Unregistering JMX-exposed beans
